<?xml version="1.0" encoding="utf-8" standalone="no"?>
<!--This file represents the results of running a test suite-->
<test-results name="D:\git_local\HL_Automation\HL_Breadth\HL_Breadth\bin\Debug\HL_Breadth.dll" total="24" errors="14" failures="1" not-run="0" inconclusive="0" ignored="0" skipped="0" invalid="0" date="2014-09-08" time="19:23:44">
  <environment nunit-version="2.6.3.13283" clr-version="2.0.50727.5483" os-version="Microsoft Windows NT 6.1.7601 Service Pack 1" platform="Win32NT" cwd="C:\Program Files (x86)\NUnit 2.6.3\bin" machine-name="FAHADALI-PC" user="fali" user-domain="FOLIO3PK" />
  <culture-info current-culture="en-US" current-uiculture="en-US" />
  <test-suite type="Assembly" name="D:\git_local\HL_Automation\HL_Breadth\HL_Breadth\bin\Debug\HL_Breadth.dll" executed="True" result="Failure" success="False" time="1693.812" asserts="0">
    <results>
      <test-suite type="Namespace" name="HL_Breadth" executed="True" result="Failure" success="False" time="1693.794" asserts="0">
        <results>
          <test-suite type="TestFixture" name="b_Breadth_Recipients" executed="True" result="Failure" success="False" time="853.432" asserts="1">
            <results>
              <test-case name="HL_Breadth.b_Breadth_Recipients.a_Add_Edit_Delete_Directory_Settings_Panel" executed="True" result="Success" success="True" time="42.099" asserts="1" />
              <test-case name="HL_Breadth.b_Breadth_Recipients.b_Add_Edit_Delete_Messenger" executed="True" result="Success" success="True" time="55.463" asserts="1" />
              <test-case name="HL_Breadth.b_Breadth_Recipients.c_Add_Edit_Delete_Carrier" executed="True" result="Error" success="False" time="101.289" asserts="1">
                <failure>
                  <message><![CDATA[OpenQA.Selenium.NoSuchElementException : Unable to locate element: {"method":"xpath","selector":"//li[text()='Default']"}]]></message>
                  <stack-trace><![CDATA[at OpenQA.Selenium.Remote.RemoteWebDriver.UnpackAndThrowOnError(Response errorResponse) in c:\Projects\webdriver\dotnet\src\webdriver\Remote\RemoteWebDriver.cs:line 1051
at OpenQA.Selenium.Remote.RemoteWebDriver.Execute(String driverCommandToExecute, Dictionary`2 parameters) in c:\Projects\webdriver\dotnet\src\webdriver\Remote\RemoteWebDriver.cs:line 865
at OpenQA.Selenium.Remote.RemoteWebDriver.FindElement(String mechanism, String value) in c:\Projects\webdriver\dotnet\src\webdriver\Remote\RemoteWebDriver.cs:line 894
at OpenQA.Selenium.By.FindElement(ISearchContext context) in c:\Projects\webdriver\dotnet\src\webdriver\By.cs:line 309
at HL_Breadth.b_Breadth_Recipients.c_Add_Edit_Delete_Carrier() in d:\git_local\HL_Automation\HL_Breadth\HL_Breadth\b_Breadth_Recipients.cs:line 790
]]></stack-trace>
                </failure>
              </test-case>
              <test-case name="HL_Breadth.b_Breadth_Recipients.d_Add_Edit_Delete_Receiver" executed="True" result="Success" success="True" time="128.014" asserts="1" />
              <test-case name="HL_Breadth.b_Breadth_Recipients.e_Add_Edit_Delete_Broadcast_Group" executed="True" result="Error" success="False" time="69.268" asserts="1">
                <failure>
                  <message><![CDATA[OpenQA.Selenium.ElementNotVisibleException : Element is not currently visible and so may not be interacted with]]></message>
                  <stack-trace><![CDATA[at OpenQA.Selenium.Remote.RemoteWebDriver.UnpackAndThrowOnError(Response errorResponse) in c:\Projects\webdriver\dotnet\src\webdriver\Remote\RemoteWebDriver.cs:line 1064
at OpenQA.Selenium.Remote.RemoteWebDriver.Execute(String driverCommandToExecute, Dictionary`2 parameters) in c:\Projects\webdriver\dotnet\src\webdriver\Remote\RemoteWebDriver.cs:line 865
at HL_Breadth.b_Breadth_Recipients.e_Add_Edit_Delete_Broadcast_Group() in d:\git_local\HL_Automation\HL_Breadth\HL_Breadth\b_Breadth_Recipients.cs:line 1170
]]></stack-trace>
                </failure>
              </test-case>
              <test-case name="HL_Breadth.b_Breadth_Recipients.f_Add_Edit_Delete_Escalation_Group" executed="True" result="Error" success="False" time="101.189" asserts="1">
                <failure>
                  <message><![CDATA[OpenQA.Selenium.NoSuchElementException : Unable to locate element: {"method":"xpath","selector":"//li[text()='Default']"}]]></message>
                  <stack-trace><![CDATA[at OpenQA.Selenium.Remote.RemoteWebDriver.UnpackAndThrowOnError(Response errorResponse) in c:\Projects\webdriver\dotnet\src\webdriver\Remote\RemoteWebDriver.cs:line 1051
at OpenQA.Selenium.Remote.RemoteWebDriver.Execute(String driverCommandToExecute, Dictionary`2 parameters) in c:\Projects\webdriver\dotnet\src\webdriver\Remote\RemoteWebDriver.cs:line 865
at OpenQA.Selenium.Remote.RemoteWebDriver.FindElement(String mechanism, String value) in c:\Projects\webdriver\dotnet\src\webdriver\Remote\RemoteWebDriver.cs:line 894
at OpenQA.Selenium.By.FindElement(ISearchContext context) in c:\Projects\webdriver\dotnet\src\webdriver\By.cs:line 309
at HL_Breadth.b_Breadth_Recipients.f_Add_Edit_Delete_Escalation_Group() in d:\git_local\HL_Automation\HL_Breadth\HL_Breadth\b_Breadth_Recipients.cs:line 1508
]]></stack-trace>
                </failure>
              </test-case>
              <test-case name="HL_Breadth.b_Breadth_Recipients.g_Add_Edit_Delete_On_Duty_Group" executed="True" result="Success" success="True" time="142.049" asserts="1" />
              <test-case name="HL_Breadth.b_Breadth_Recipients.h_Add_Edit_Delete_Follow_me_Group" executed="True" result="Error" success="False" time="65.444" asserts="1">
                <failure>
                  <message><![CDATA[OpenQA.Selenium.ElementNotVisibleException : Element is not currently visible and so may not be interacted with]]></message>
                  <stack-trace><![CDATA[at OpenQA.Selenium.Remote.RemoteWebDriver.UnpackAndThrowOnError(Response errorResponse) in c:\Projects\webdriver\dotnet\src\webdriver\Remote\RemoteWebDriver.cs:line 1064
at OpenQA.Selenium.Remote.RemoteWebDriver.Execute(String driverCommandToExecute, Dictionary`2 parameters) in c:\Projects\webdriver\dotnet\src\webdriver\Remote\RemoteWebDriver.cs:line 865
at HL_Breadth.b_Breadth_Recipients.h_Add_Edit_Delete_Follow_me_Group() in d:\git_local\HL_Automation\HL_Breadth\HL_Breadth\b_Breadth_Recipients.cs:line 1931
]]></stack-trace>
                </failure>
              </test-case>
              <test-case name="HL_Breadth.b_Breadth_Recipients.i_Add_Edit_Delete_Rotate_Group" executed="True" result="Error" success="False" time="66.819" asserts="1">
                <failure>
                  <message><![CDATA[OpenQA.Selenium.ElementNotVisibleException : Element is not currently visible and so may not be interacted with]]></message>
                  <stack-trace><![CDATA[at OpenQA.Selenium.Remote.RemoteWebDriver.UnpackAndThrowOnError(Response errorResponse) in c:\Projects\webdriver\dotnet\src\webdriver\Remote\RemoteWebDriver.cs:line 1064
at OpenQA.Selenium.Remote.RemoteWebDriver.Execute(String driverCommandToExecute, Dictionary`2 parameters) in c:\Projects\webdriver\dotnet\src\webdriver\Remote\RemoteWebDriver.cs:line 865
at HL_Breadth.b_Breadth_Recipients.i_Add_Edit_Delete_Rotate_Group() in d:\git_local\HL_Automation\HL_Breadth\HL_Breadth\b_Breadth_Recipients.cs:line 2153
]]></stack-trace>
                </failure>
              </test-case>
              <test-case name="HL_Breadth.b_Breadth_Recipients.j_Add_Edit_Delete_Subscription_Group" executed="True" result="Error" success="False" time="66.407" asserts="1">
                <failure>
                  <message><![CDATA[OpenQA.Selenium.ElementNotVisibleException : Element is not currently visible and so may not be interacted with]]></message>
                  <stack-trace><![CDATA[at OpenQA.Selenium.Remote.RemoteWebDriver.UnpackAndThrowOnError(Response errorResponse) in c:\Projects\webdriver\dotnet\src\webdriver\Remote\RemoteWebDriver.cs:line 1064
at OpenQA.Selenium.Remote.RemoteWebDriver.Execute(String driverCommandToExecute, Dictionary`2 parameters) in c:\Projects\webdriver\dotnet\src\webdriver\Remote\RemoteWebDriver.cs:line 865
at HL_Breadth.b_Breadth_Recipients.j_Add_Edit_Delete_Subscription_Group() in d:\git_local\HL_Automation\HL_Breadth\HL_Breadth\b_Breadth_Recipients.cs:line 2346
]]></stack-trace>
                </failure>
              </test-case>
            </results>
          </test-suite>
          <test-suite type="TestFixture" name="c_Breadth_Account" executed="True" result="Failure" success="False" time="434.511" asserts="1">
            <results>
              <test-case name="HL_Breadth.c_Breadth_Account.a_Add_Edit_Delete_Timezone" executed="True" result="Success" success="True" time="51.415" asserts="1" />
              <test-case name="HL_Breadth.c_Breadth_Account.b_Add_Edit_Delete_Message_Template" executed="True" result="Success" success="True" time="90.999" asserts="1" />
              <test-case name="HL_Breadth.c_Breadth_Account.c_Add_Edit_Delete_Response_Action" executed="True" result="Error" success="False" time="67.075" asserts="1">
                <failure>
                  <message><![CDATA[OpenQA.Selenium.NoSuchElementException : Unable to locate element: {"method":"xpath","selector":".//*[@id='divGrid_idGridDataNode']/div[1]/div[1]/div[1]/div[2]"}]]></message>
                  <stack-trace><![CDATA[at OpenQA.Selenium.Remote.RemoteWebDriver.UnpackAndThrowOnError(Response errorResponse) in c:\Projects\webdriver\dotnet\src\webdriver\Remote\RemoteWebDriver.cs:line 1051
at OpenQA.Selenium.Remote.RemoteWebDriver.Execute(String driverCommandToExecute, Dictionary`2 parameters) in c:\Projects\webdriver\dotnet\src\webdriver\Remote\RemoteWebDriver.cs:line 865
at OpenQA.Selenium.Remote.RemoteWebDriver.FindElement(String mechanism, String value) in c:\Projects\webdriver\dotnet\src\webdriver\Remote\RemoteWebDriver.cs:line 894
at OpenQA.Selenium.By.FindElement(ISearchContext context) in c:\Projects\webdriver\dotnet\src\webdriver\By.cs:line 309
at HL_Breadth.c_Breadth_Account.c_Add_Edit_Delete_Response_Action() in d:\git_local\HL_Automation\HL_Breadth\HL_Breadth\c_Breadth_Account.cs:line 716
]]></stack-trace>
                </failure>
              </test-case>
              <test-case name="HL_Breadth.c_Breadth_Account.d_Add_Edit_Delete_User_Group" executed="True" result="Error" success="False" time="74.468" asserts="1">
                <failure>
                  <message><![CDATA[OpenQA.Selenium.ElementNotVisibleException : Element is not currently visible and so may not be interacted with]]></message>
                  <stack-trace><![CDATA[at OpenQA.Selenium.Remote.RemoteWebDriver.UnpackAndThrowOnError(Response errorResponse) in c:\Projects\webdriver\dotnet\src\webdriver\Remote\RemoteWebDriver.cs:line 1064
at OpenQA.Selenium.Remote.RemoteWebDriver.Execute(String driverCommandToExecute, Dictionary`2 parameters) in c:\Projects\webdriver\dotnet\src\webdriver\Remote\RemoteWebDriver.cs:line 865
at HL_Breadth.c_Breadth_Account.d_Add_Edit_Delete_User_Group() in d:\git_local\HL_Automation\HL_Breadth\HL_Breadth\c_Breadth_Account.cs:line 912
]]></stack-trace>
                </failure>
              </test-case>
              <test-case name="HL_Breadth.c_Breadth_Account.e_Add_Edit_Delete_Department" executed="True" result="Error" success="False" time="69.485" asserts="1">
                <failure>
                  <message><![CDATA[OpenQA.Selenium.ElementNotVisibleException : Element is not currently visible and so may not be interacted with]]></message>
                  <stack-trace><![CDATA[at OpenQA.Selenium.Remote.RemoteWebDriver.UnpackAndThrowOnError(Response errorResponse) in c:\Projects\webdriver\dotnet\src\webdriver\Remote\RemoteWebDriver.cs:line 1064
at OpenQA.Selenium.Remote.RemoteWebDriver.Execute(String driverCommandToExecute, Dictionary`2 parameters) in c:\Projects\webdriver\dotnet\src\webdriver\Remote\RemoteWebDriver.cs:line 865
at HL_Breadth.c_Breadth_Account.e_Add_Edit_Delete_Department() in d:\git_local\HL_Automation\HL_Breadth\HL_Breadth\c_Breadth_Account.cs:line 1193
]]></stack-trace>
                </failure>
              </test-case>
              <test-case name="HL_Breadth.c_Breadth_Account.f_Add_Edit_Delete_User" executed="True" result="Error" success="False" time="68.562" asserts="1">
                <failure>
                  <message><![CDATA[OpenQA.Selenium.ElementNotVisibleException : Element is not currently visible and so may not be interacted with]]></message>
                  <stack-trace><![CDATA[at OpenQA.Selenium.Remote.RemoteWebDriver.UnpackAndThrowOnError(Response errorResponse) in c:\Projects\webdriver\dotnet\src\webdriver\Remote\RemoteWebDriver.cs:line 1064
at OpenQA.Selenium.Remote.RemoteWebDriver.Execute(String driverCommandToExecute, Dictionary`2 parameters) in c:\Projects\webdriver\dotnet\src\webdriver\Remote\RemoteWebDriver.cs:line 865
at HL_Breadth.c_Breadth_Account.f_Add_Edit_Delete_User() in d:\git_local\HL_Automation\HL_Breadth\HL_Breadth\c_Breadth_Account.cs:line 1436
]]></stack-trace>
                </failure>
              </test-case>
            </results>
          </test-suite>
          <test-suite type="TestFixture" name="d_Breadth_Send_Panels" executed="True" result="Failure" success="False" time="405.841" asserts="1">
            <results>
              <test-case name="HL_Breadth.d_Breadth_Send_Panels.a_Services_Settings_Panel" executed="True" result="Success" success="True" time="45.902" asserts="1" />
              <test-case name="HL_Breadth.d_Breadth_Send_Panels.b_Primary_Send_Panel" executed="True" result="Success" success="True" time="61.747" asserts="3" />
              <test-case name="HL_Breadth.d_Breadth_Send_Panels.c_Quick_Send_Panel" executed="True" result="Success" success="True" time="44.410" asserts="3" />
              <test-case name="HL_Breadth.d_Breadth_Send_Panels.d_Escalation_Send_Panel" executed="True" result="Failure" success="False" time="41.498" asserts="2">
                <failure>
                  <message><![CDATA[  Expected: True
  But was:  False
]]></message>
                  <stack-trace><![CDATA[at HL_Breadth.d_Breadth_Send_Panels.d_Escalation_Send_Panel() in d:\git_local\HL_Automation\HL_Breadth\HL_Breadth\d_Breadth_Send_Panels.cs:line 596
]]></stack-trace>
                </failure>
              </test-case>
              <test-case name="HL_Breadth.d_Breadth_Send_Panels.e_Fax_Send_Panel" executed="True" result="Error" success="False" time="37.552" asserts="0">
                <failure>
                  <message><![CDATA[OpenQA.Selenium.NoSuchElementException : Unable to locate element: {"method":"xpath","selector":"//div[@class='category']/ul/li/a[text()='Receivers']"}]]></message>
                  <stack-trace><![CDATA[at OpenQA.Selenium.Remote.RemoteWebDriver.UnpackAndThrowOnError(Response errorResponse) in c:\Projects\webdriver\dotnet\src\webdriver\Remote\RemoteWebDriver.cs:line 1051
at OpenQA.Selenium.Remote.RemoteWebDriver.Execute(String driverCommandToExecute, Dictionary`2 parameters) in c:\Projects\webdriver\dotnet\src\webdriver\Remote\RemoteWebDriver.cs:line 865
at OpenQA.Selenium.Remote.RemoteWebDriver.FindElement(String mechanism, String value) in c:\Projects\webdriver\dotnet\src\webdriver\Remote\RemoteWebDriver.cs:line 894
at OpenQA.Selenium.By.FindElement(ISearchContext context) in c:\Projects\webdriver\dotnet\src\webdriver\By.cs:line 309
at HL_Breadth.d_Breadth_Send_Panels.check_driver_type(String drivertype, String id_name, String link_text, String a_text) in d:\git_local\HL_Automation\HL_Breadth\HL_Breadth\d_Breadth_Send_Panels.cs:line 994
at HL_Breadth.d_Breadth_Send_Panels.e_Fax_Send_Panel() in d:\git_local\HL_Automation\HL_Breadth\HL_Breadth\d_Breadth_Send_Panels.cs:line 630
]]></stack-trace>
                </failure>
              </test-case>
              <test-case name="HL_Breadth.d_Breadth_Send_Panels.f_Voice_Send_Panel" executed="True" result="Error" success="False" time="36.256" asserts="0">
                <failure>
                  <message><![CDATA[OpenQA.Selenium.NoSuchElementException : Unable to locate element: {"method":"xpath","selector":"//div[@class='category']/ul/li/a[text()='Receivers']"}]]></message>
                  <stack-trace><![CDATA[at OpenQA.Selenium.Remote.RemoteWebDriver.UnpackAndThrowOnError(Response errorResponse) in c:\Projects\webdriver\dotnet\src\webdriver\Remote\RemoteWebDriver.cs:line 1051
at OpenQA.Selenium.Remote.RemoteWebDriver.Execute(String driverCommandToExecute, Dictionary`2 parameters) in c:\Projects\webdriver\dotnet\src\webdriver\Remote\RemoteWebDriver.cs:line 865
at OpenQA.Selenium.Remote.RemoteWebDriver.FindElement(String mechanism, String value) in c:\Projects\webdriver\dotnet\src\webdriver\Remote\RemoteWebDriver.cs:line 894
at OpenQA.Selenium.By.FindElement(ISearchContext context) in c:\Projects\webdriver\dotnet\src\webdriver\By.cs:line 309
at HL_Breadth.d_Breadth_Send_Panels.check_driver_type(String drivertype, String id_name, String link_text, String a_text) in d:\git_local\HL_Automation\HL_Breadth\HL_Breadth\d_Breadth_Send_Panels.cs:line 994
at HL_Breadth.d_Breadth_Send_Panels.f_Voice_Send_Panel() in d:\git_local\HL_Automation\HL_Breadth\HL_Breadth\d_Breadth_Send_Panels.cs:line 722
]]></stack-trace>
                </failure>
              </test-case>
              <test-case name="HL_Breadth.d_Breadth_Send_Panels.g_Quota_Send_Panel" executed="True" result="Error" success="False" time="57.879" asserts="0">
                <failure>
                  <message><![CDATA[OpenQA.Selenium.NoSuchElementException : Unable to locate element: {"method":"xpath","selector":"//span[text()='receiver_smtp']"}]]></message>
                  <stack-trace><![CDATA[at OpenQA.Selenium.Remote.RemoteWebDriver.UnpackAndThrowOnError(Response errorResponse) in c:\Projects\webdriver\dotnet\src\webdriver\Remote\RemoteWebDriver.cs:line 1051
at OpenQA.Selenium.Remote.RemoteWebDriver.Execute(String driverCommandToExecute, Dictionary`2 parameters) in c:\Projects\webdriver\dotnet\src\webdriver\Remote\RemoteWebDriver.cs:line 865
at OpenQA.Selenium.Remote.RemoteWebDriver.FindElement(String mechanism, String value) in c:\Projects\webdriver\dotnet\src\webdriver\Remote\RemoteWebDriver.cs:line 894
at OpenQA.Selenium.By.FindElement(ISearchContext context) in c:\Projects\webdriver\dotnet\src\webdriver\By.cs:line 309
at HL_Breadth.d_Breadth_Send_Panels.g_Quota_Send_Panel() in d:\git_local\HL_Automation\HL_Breadth\HL_Breadth\d_Breadth_Send_Panels.cs:line 812
]]></stack-trace>
                </failure>
              </test-case>
              <test-case name="HL_Breadth.d_Breadth_Send_Panels.h_Attribute_Send_Panel" executed="True" result="Error" success="False" time="69.205" asserts="0">
                <failure>
                  <message><![CDATA[OpenQA.Selenium.NoSuchElementException : Unable to locate element: {"method":"xpath","selector":"//b[text()='A1']"}]]></message>
                  <stack-trace><![CDATA[at OpenQA.Selenium.Remote.RemoteWebDriver.UnpackAndThrowOnError(Response errorResponse) in c:\Projects\webdriver\dotnet\src\webdriver\Remote\RemoteWebDriver.cs:line 1051
at OpenQA.Selenium.Remote.RemoteWebDriver.Execute(String driverCommandToExecute, Dictionary`2 parameters) in c:\Projects\webdriver\dotnet\src\webdriver\Remote\RemoteWebDriver.cs:line 865
at OpenQA.Selenium.Remote.RemoteWebDriver.FindElement(String mechanism, String value) in c:\Projects\webdriver\dotnet\src\webdriver\Remote\RemoteWebDriver.cs:line 894
at OpenQA.Selenium.By.FindElement(ISearchContext context) in c:\Projects\webdriver\dotnet\src\webdriver\By.cs:line 309
at HL_Breadth.d_Breadth_Send_Panels.h_Attribute_Send_Panel() in d:\git_local\HL_Automation\HL_Breadth\HL_Breadth\d_Breadth_Send_Panels.cs:line 887
]]></stack-trace>
                </failure>
              </test-case>
            </results>
          </test-suite>
        </results>
      </test-suite>
    </results>
  </test-suite>
</test-results>