<?xml version="1.0" encoding="utf-8" standalone="no"?>
<!--This file represents the results of running a test suite-->
<test-results name="D:\git_local\HL_Automation\HL_Breadth\HL_Breadth\bin\Debug\HL_Breadth.dll" total="4" errors="1" failures="0" not-run="0" inconclusive="0" ignored="0" skipped="0" invalid="0" date="2014-09-29" time="19:40:13">
  <environment nunit-version="2.6.3.13283" clr-version="2.0.50727.5485" os-version="Microsoft Windows NT 6.1.7601 Service Pack 1" platform="Win32NT" cwd="C:\Program Files (x86)\NUnit 2.6.3\bin" machine-name="FAHADALI-PC" user="fali" user-domain="FOLIO3PK" />
  <culture-info current-culture="en-US" current-uiculture="en-US" />
  <test-suite type="Assembly" name="D:\git_local\HL_Automation\HL_Breadth\HL_Breadth\bin\Debug\HL_Breadth.dll" executed="True" result="Failure" success="False" time="415.553" asserts="0">
    <results>
      <test-suite type="Namespace" name="HL_Breadth" executed="True" result="Failure" success="False" time="415.536" asserts="0">
        <results>
          <test-suite type="TestFixture" name="d_Breadth_Send_Panels" executed="True" result="Failure" success="False" time="415.533" asserts="1">
            <results>
              <test-case name="HL_Breadth.d_Breadth_Send_Panels.b_Primary_Send_Panel" executed="True" result="Success" success="True" time="127.806" asserts="6" />
              <test-case name="HL_Breadth.d_Breadth_Send_Panels.d_Escalation_Send_Panel" executed="True" result="Success" success="True" time="88.630" asserts="4" />
              <test-case name="HL_Breadth.d_Breadth_Send_Panels.g_Quota_Send_Panel" executed="True" result="Success" success="True" time="89.642" asserts="4" />
              <test-case name="HL_Breadth.d_Breadth_Send_Panels.h_Attribute_Send_Panel" executed="True" result="Error" success="False" time="96.546" asserts="1">
                <failure>
                  <message><![CDATA[OpenQA.Selenium.NoSuchElementException : no such element
  (Session info: chrome=37.0.2062.124)
  (Driver info: chromedriver=2.10.267521,platform=Windows NT 6.1 SP1 x86_64)]]></message>
                  <stack-trace><![CDATA[at OpenQA.Selenium.Remote.RemoteWebDriver.UnpackAndThrowOnError(Response errorResponse) in c:\Projects\webdriver\dotnet\src\webdriver\Remote\RemoteWebDriver.cs:line 1051
at OpenQA.Selenium.Remote.RemoteWebDriver.Execute(String driverCommandToExecute, Dictionary`2 parameters) in c:\Projects\webdriver\dotnet\src\webdriver\Remote\RemoteWebDriver.cs:line 865
at OpenQA.Selenium.Remote.RemoteWebDriver.FindElement(String mechanism, String value) in c:\Projects\webdriver\dotnet\src\webdriver\Remote\RemoteWebDriver.cs:line 894
at OpenQA.Selenium.By.FindElement(ISearchContext context) in c:\Projects\webdriver\dotnet\src\webdriver\By.cs:line 309
at HL_Breadth.d_Breadth_Send_Panels.h_Attribute_Send_Panel() in d:\git_local\HL_Automation\HL_Breadth\HL_Breadth\d_Breadth_Send_Panels.cs:line 967
]]></stack-trace>
                </failure>
              </test-case>
            </results>
          </test-suite>
        </results>
      </test-suite>
    </results>
  </test-suite>
</test-results>