<?xml version="1.0" encoding="utf-8" standalone="no"?>
<!--This file represents the results of running a test suite-->
<test-results name="D:\git_local\HL_Automation\HL_Breadth\HL_Breadth\bin\Debug\HL_Breadth.dll" total="1" errors="0" failures="0" not-run="0" inconclusive="0" ignored="0" skipped="0" invalid="0" date="2014-08-26" time="18:57:24">
  <environment nunit-version="2.6.3.13283" clr-version="2.0.50727.5483" os-version="Microsoft Windows NT 6.1.7601 Service Pack 1" platform="Win32NT" cwd="C:\Program Files (x86)\NUnit 2.6.3\bin" machine-name="FAHADALI-PC" user="fali" user-domain="FOLIO3PK" />
  <culture-info current-culture="en-US" current-uiculture="en-US" />
  <test-suite type="Assembly" name="D:\git_local\HL_Automation\HL_Breadth\HL_Breadth\bin\Debug\HL_Breadth.dll" executed="True" result="Success" success="True" time="88.890" asserts="0">
    <results>
      <test-suite type="Namespace" name="HL_Breadth" executed="True" result="Success" success="True" time="88.889" asserts="0">
        <results>
          <test-suite type="TestFixture" name="d_Breadth_Send_Panels" executed="True" result="Success" success="True" time="88.888" asserts="1">
            <results>
              <test-case name="HL_Breadth.d_Breadth_Send_Panels.b_Primary_Send_Panel" executed="True" result="Success" success="True" time="77.309" asserts="1" />
            </results>
          </test-suite>
        </results>
      </test-suite>
    </results>
  </test-suite>
</test-results>