<?xml version="1.0" encoding="utf-8" standalone="no"?>
<!--This file represents the results of running a test suite-->
<test-results name="D:\git_local\HL_Automation\HL_Breadth\HL_Breadth\bin\Debug\HL_Breadth.dll" total="25" errors="5" failures="1" not-run="0" inconclusive="0" ignored="0" skipped="0" invalid="0" date="2014-09-09" time="19:16:23">
  <environment nunit-version="2.6.3.13283" clr-version="2.0.50727.5483" os-version="Microsoft Windows NT 6.1.7601 Service Pack 1" platform="Win32NT" cwd="C:\Program Files (x86)\NUnit 2.6.3\bin" machine-name="FAHADALI-PC" user="fali" user-domain="FOLIO3PK" />
  <culture-info current-culture="en-US" current-uiculture="en-US" />
  <test-suite type="Assembly" name="D:\git_local\HL_Automation\HL_Breadth\HL_Breadth\bin\Debug\HL_Breadth.dll" executed="True" result="Failure" success="False" time="1842.525" asserts="0">
    <results>
      <test-suite type="Namespace" name="HL_Breadth" executed="True" result="Failure" success="False" time="1842.508" asserts="0">
        <results>
          <test-suite type="TestFixture" name="b_Breadth_Recipients" executed="True" result="Failure" success="False" time="956.617" asserts="1">
            <results>
              <test-case name="HL_Breadth.b_Breadth_Recipients.a_Add_Edit_Delete_Directory_Settings_Panel" executed="True" result="Success" success="True" time="44.578" asserts="1" />
              <test-case name="HL_Breadth.b_Breadth_Recipients.b_Add_Edit_Delete_Messenger" executed="True" result="Success" success="True" time="55.638" asserts="1" />
              <test-case name="HL_Breadth.b_Breadth_Recipients.c_Add_Edit_Delete_Carrier" executed="True" result="Success" success="True" time="91.831" asserts="1" />
              <test-case name="HL_Breadth.b_Breadth_Recipients.d_Add_Edit_Delete_Receiver" executed="True" result="Success" success="True" time="127.448" asserts="1" />
              <test-case name="HL_Breadth.b_Breadth_Recipients.e_Add_Edit_Delete_Broadcast_Group" executed="True" result="Success" success="True" time="88.069" asserts="1" />
              <test-case name="HL_Breadth.b_Breadth_Recipients.f_Add_Edit_Delete_Escalation_Group" executed="True" result="Success" success="True" time="97.780" asserts="1" />
              <test-case name="HL_Breadth.b_Breadth_Recipients.g_Add_Edit_Delete_On_Duty_Group" executed="True" result="Success" success="True" time="142.238" asserts="1" />
              <test-case name="HL_Breadth.b_Breadth_Recipients.h_Add_Edit_Delete_Follow_me_Group" executed="True" result="Success" success="True" time="108.486" asserts="1" />
              <test-case name="HL_Breadth.b_Breadth_Recipients.i_Add_Edit_Delete_Rotate_Group" executed="True" result="Success" success="True" time="98.693" asserts="1" />
              <test-case name="HL_Breadth.b_Breadth_Recipients.j_Add_Edit_Delete_Subscription_Group" executed="True" result="Error" success="False" time="87.056" asserts="1">
                <failure>
                  <message><![CDATA[OpenQA.Selenium.StaleElementReferenceException : Element not found in the cache - perhaps the page has changed since it was looked up]]></message>
                  <stack-trace><![CDATA[at OpenQA.Selenium.Remote.RemoteWebDriver.UnpackAndThrowOnError(Response errorResponse) in c:\Projects\webdriver\dotnet\src\webdriver\Remote\RemoteWebDriver.cs:line 1057
at OpenQA.Selenium.Remote.RemoteWebDriver.Execute(String driverCommandToExecute, Dictionary`2 parameters) in c:\Projects\webdriver\dotnet\src\webdriver\Remote\RemoteWebDriver.cs:line 865
at HL_Breadth.b_Breadth_Recipients.j_Add_Edit_Delete_Subscription_Group() in d:\git_local\HL_Automation\HL_Breadth\HL_Breadth\b_Breadth_Recipients.cs:line 2397
]]></stack-trace>
                </failure>
              </test-case>
            </results>
          </test-suite>
          <test-suite type="TestFixture" name="c_Breadth_Account" executed="True" result="Failure" success="False" time="467.192" asserts="1">
            <results>
              <test-case name="HL_Breadth.c_Breadth_Account.a_Add_Edit_Delete_Timezone" executed="True" result="Success" success="True" time="51.272" asserts="1" />
              <test-case name="HL_Breadth.c_Breadth_Account.b_Add_Edit_Delete_Message_Template" executed="True" result="Success" success="True" time="90.596" asserts="1" />
              <test-case name="HL_Breadth.c_Breadth_Account.c_Add_Edit_Delete_Response_Action" executed="True" result="Success" success="True" time="59.332" asserts="1" />
              <test-case name="HL_Breadth.c_Breadth_Account.d_Add_Edit_Delete_User_Group" executed="True" result="Success" success="True" time="101.232" asserts="1" />
              <test-case name="HL_Breadth.c_Breadth_Account.e_Add_Edit_Delete_Department" executed="True" result="Error" success="False" time="84.339" asserts="1">
                <failure>
                  <message><![CDATA[OpenQA.Selenium.NoSuchElementException : Unable to locate element: {"method":"xpath","selector":"//li[text()='sysOper']"}]]></message>
                  <stack-trace><![CDATA[at OpenQA.Selenium.Remote.RemoteWebDriver.UnpackAndThrowOnError(Response errorResponse) in c:\Projects\webdriver\dotnet\src\webdriver\Remote\RemoteWebDriver.cs:line 1051
at OpenQA.Selenium.Remote.RemoteWebDriver.Execute(String driverCommandToExecute, Dictionary`2 parameters) in c:\Projects\webdriver\dotnet\src\webdriver\Remote\RemoteWebDriver.cs:line 865
at OpenQA.Selenium.Remote.RemoteWebDriver.FindElement(String mechanism, String value) in c:\Projects\webdriver\dotnet\src\webdriver\Remote\RemoteWebDriver.cs:line 894
at OpenQA.Selenium.By.FindElement(ISearchContext context) in c:\Projects\webdriver\dotnet\src\webdriver\By.cs:line 309
at HL_Breadth.c_Breadth_Account.e_Add_Edit_Delete_Department() in d:\git_local\HL_Automation\HL_Breadth\HL_Breadth\c_Breadth_Account.cs:line 1301
]]></stack-trace>
                </failure>
              </test-case>
              <test-case name="HL_Breadth.c_Breadth_Account.f_Add_Edit_Delete_User" executed="True" result="Success" success="True" time="68.820" asserts="1" />
            </results>
          </test-suite>
          <test-suite type="TestFixture" name="d_Breadth_Send_Panels" executed="True" result="Failure" success="False" time="387.785" asserts="1">
            <results>
              <test-case name="HL_Breadth.d_Breadth_Send_Panels.a_Services_Settings_Panel" executed="True" result="Success" success="True" time="48.694" asserts="1" />
              <test-case name="HL_Breadth.d_Breadth_Send_Panels.b_Primary_Send_Panel" executed="True" result="Success" success="True" time="61.752" asserts="3" />
              <test-case name="HL_Breadth.d_Breadth_Send_Panels.c_Quick_Send_Panel" executed="True" result="Success" success="True" time="43.703" asserts="3" />
              <test-case name="HL_Breadth.d_Breadth_Send_Panels.d_Escalation_Send_Panel" executed="True" result="Failure" success="False" time="41.292" asserts="2">
                <failure>
                  <message><![CDATA[  Expected: True
  But was:  False
]]></message>
                  <stack-trace><![CDATA[at HL_Breadth.d_Breadth_Send_Panels.d_Escalation_Send_Panel() in d:\git_local\HL_Automation\HL_Breadth\HL_Breadth\d_Breadth_Send_Panels.cs:line 596
]]></stack-trace>
                </failure>
              </test-case>
              <test-case name="HL_Breadth.d_Breadth_Send_Panels.e_Fax_Send_Panel" executed="True" result="Error" success="False" time="37.466" asserts="0">
                <failure>
                  <message><![CDATA[OpenQA.Selenium.NoSuchElementException : Unable to locate element: {"method":"xpath","selector":"//div[@class='category']/ul/li/a[text()='Receivers']"}]]></message>
                  <stack-trace><![CDATA[at OpenQA.Selenium.Remote.RemoteWebDriver.UnpackAndThrowOnError(Response errorResponse) in c:\Projects\webdriver\dotnet\src\webdriver\Remote\RemoteWebDriver.cs:line 1051
at OpenQA.Selenium.Remote.RemoteWebDriver.Execute(String driverCommandToExecute, Dictionary`2 parameters) in c:\Projects\webdriver\dotnet\src\webdriver\Remote\RemoteWebDriver.cs:line 865
at OpenQA.Selenium.Remote.RemoteWebDriver.FindElement(String mechanism, String value) in c:\Projects\webdriver\dotnet\src\webdriver\Remote\RemoteWebDriver.cs:line 894
at OpenQA.Selenium.By.FindElement(ISearchContext context) in c:\Projects\webdriver\dotnet\src\webdriver\By.cs:line 309
at HL_Breadth.d_Breadth_Send_Panels.check_driver_type(String drivertype, String id_name, String link_text, String a_text) in d:\git_local\HL_Automation\HL_Breadth\HL_Breadth\d_Breadth_Send_Panels.cs:line 994
at HL_Breadth.d_Breadth_Send_Panels.e_Fax_Send_Panel() in d:\git_local\HL_Automation\HL_Breadth\HL_Breadth\d_Breadth_Send_Panels.cs:line 630
]]></stack-trace>
                </failure>
              </test-case>
              <test-case name="HL_Breadth.d_Breadth_Send_Panels.f_Voice_Send_Panel" executed="True" result="Error" success="False" time="36.857" asserts="0">
                <failure>
                  <message><![CDATA[OpenQA.Selenium.NoSuchElementException : Unable to locate element: {"method":"xpath","selector":"//div[@class='category']/ul/li/a[text()='Receivers']"}]]></message>
                  <stack-trace><![CDATA[at OpenQA.Selenium.Remote.RemoteWebDriver.UnpackAndThrowOnError(Response errorResponse) in c:\Projects\webdriver\dotnet\src\webdriver\Remote\RemoteWebDriver.cs:line 1051
at OpenQA.Selenium.Remote.RemoteWebDriver.Execute(String driverCommandToExecute, Dictionary`2 parameters) in c:\Projects\webdriver\dotnet\src\webdriver\Remote\RemoteWebDriver.cs:line 865
at OpenQA.Selenium.Remote.RemoteWebDriver.FindElement(String mechanism, String value) in c:\Projects\webdriver\dotnet\src\webdriver\Remote\RemoteWebDriver.cs:line 894
at OpenQA.Selenium.By.FindElement(ISearchContext context) in c:\Projects\webdriver\dotnet\src\webdriver\By.cs:line 309
at HL_Breadth.d_Breadth_Send_Panels.check_driver_type(String drivertype, String id_name, String link_text, String a_text) in d:\git_local\HL_Automation\HL_Breadth\HL_Breadth\d_Breadth_Send_Panels.cs:line 994
at HL_Breadth.d_Breadth_Send_Panels.f_Voice_Send_Panel() in d:\git_local\HL_Automation\HL_Breadth\HL_Breadth\d_Breadth_Send_Panels.cs:line 722
]]></stack-trace>
                </failure>
              </test-case>
              <test-case name="HL_Breadth.d_Breadth_Send_Panels.g_Quota_Send_Panel" executed="True" result="Error" success="False" time="60.046" asserts="0">
                <failure>
                  <message><![CDATA[OpenQA.Selenium.NoSuchElementException : Unable to locate element: {"method":"xpath","selector":"//span[text()='receiver_fax']"}]]></message>
                  <stack-trace><![CDATA[at OpenQA.Selenium.Remote.RemoteWebDriver.UnpackAndThrowOnError(Response errorResponse) in c:\Projects\webdriver\dotnet\src\webdriver\Remote\RemoteWebDriver.cs:line 1051
at OpenQA.Selenium.Remote.RemoteWebDriver.Execute(String driverCommandToExecute, Dictionary`2 parameters) in c:\Projects\webdriver\dotnet\src\webdriver\Remote\RemoteWebDriver.cs:line 865
at OpenQA.Selenium.Remote.RemoteWebDriver.FindElement(String mechanism, String value) in c:\Projects\webdriver\dotnet\src\webdriver\Remote\RemoteWebDriver.cs:line 894
at OpenQA.Selenium.By.FindElement(ISearchContext context) in c:\Projects\webdriver\dotnet\src\webdriver\By.cs:line 309
at HL_Breadth.d_Breadth_Send_Panels.g_Quota_Send_Panel() in d:\git_local\HL_Automation\HL_Breadth\HL_Breadth\d_Breadth_Send_Panels.cs:line 816
]]></stack-trace>
                </failure>
              </test-case>
              <test-case name="HL_Breadth.d_Breadth_Send_Panels.h_Attribute_Send_Panel" executed="True" result="Success" success="True" time="46.598" asserts="3" />
            </results>
          </test-suite>
          <test-suite type="TestFixture" name="h_Breadth_User_Profile" executed="True" result="Success" success="True" time="30.898" asserts="1">
            <results>
              <test-case name="HL_Breadth.h_Breadth_User_Profile.a_User_Profile" executed="True" result="Success" success="True" time="19.891" asserts="2" />
            </results>
          </test-suite>
        </results>
      </test-suite>
    </results>
  </test-suite>
</test-results>