<?xml version="1.0" encoding="utf-8" standalone="no"?>
<!--This file represents the results of running a test suite-->
<test-results name="D:\git_local\HL_Automation\HL_Smoke\HL_Smoke\bin\Debug\HL_Smoke.dll" total="10" errors="0" failures="0" not-run="0" inconclusive="0" ignored="0" skipped="0" invalid="0" date="2014-06-30" time="15:58:44">
  <environment nunit-version="2.6.3.13283" clr-version="2.0.50727.5477" os-version="Microsoft Windows NT 6.1.7601 Service Pack 1" platform="Win32NT" cwd="C:\Program Files (x86)\NUnit 2.6.3\bin" machine-name="FAHADALI-PC" user="fali" user-domain="FOLIO3PK" />
  <culture-info current-culture="en-US" current-uiculture="en-US" />
  <test-suite type="Assembly" name="D:\git_local\HL_Automation\HL_Smoke\HL_Smoke\bin\Debug\HL_Smoke.dll" executed="True" result="Success" success="True" time="560.207" asserts="0">
    <results>
      <test-suite type="Namespace" name="HL_Smoke" executed="True" result="Success" success="True" time="560.188" asserts="0">
        <results>
          <test-suite type="TestFixture" name="a_Smoke_Recipients" executed="True" result="Success" success="True" time="560.185" asserts="1">
            <results>
              <test-case name="HL_Smoke.a_Smoke_Recipients.a_Directory_Settings_Panel" executed="True" result="Success" success="True" time="34.097" asserts="3" />
              <test-case name="HL_Smoke.a_Smoke_Recipients.b_Add_Messenger" executed="True" result="Success" success="True" time="44.170" asserts="3" />
              <test-case name="HL_Smoke.a_Smoke_Recipients.c_Add_Carrier" executed="True" result="Success" success="True" time="74.587" asserts="3" />
              <test-case name="HL_Smoke.a_Smoke_Recipients.d_Add_Receiver" executed="True" result="Success" success="True" time="54.966" asserts="3" />
              <test-case name="HL_Smoke.a_Smoke_Recipients.e_Add_Broadcast_Group" executed="True" result="Success" success="True" time="48.136" asserts="3" />
              <test-case name="HL_Smoke.a_Smoke_Recipients.f_Add_Escalation_Group" executed="True" result="Success" success="True" time="52.020" asserts="3" />
              <test-case name="HL_Smoke.a_Smoke_Recipients.g_Add_On_Duty_Group" executed="True" result="Success" success="True" time="59.984" asserts="3" />
              <test-case name="HL_Smoke.a_Smoke_Recipients.h_Add_Follow_me_Group" executed="True" result="Success" success="True" time="60.667" asserts="3" />
              <test-case name="HL_Smoke.a_Smoke_Recipients.i_Add_Rotate_Group" executed="True" result="Success" success="True" time="70.827" asserts="3" />
              <test-case name="HL_Smoke.a_Smoke_Recipients.j_Add_Subscription_Group" executed="True" result="Success" success="True" time="49.267" asserts="3" />
            </results>
          </test-suite>
        </results>
      </test-suite>
    </results>
  </test-suite>
</test-results>