<?xml version="1.0" encoding="utf-8" standalone="no"?>
<!--This file represents the results of running a test suite-->
<test-results name="D:\git_local\HL_Automation\HL_Smoke\HL_Smoke\bin\Debug\HL_Smoke.dll" total="13" errors="5" failures="0" not-run="0" inconclusive="0" ignored="0" skipped="0" invalid="0" date="2014-07-10" time="17:01:13">
  <environment nunit-version="2.6.3.13283" clr-version="2.0.50727.5477" os-version="Microsoft Windows NT 6.1.7601 Service Pack 1" platform="Win32NT" cwd="C:\Program Files (x86)\NUnit 2.6.3\bin" machine-name="FAHADALI-PC" user="fali" user-domain="FOLIO3PK" />
  <culture-info current-culture="en-US" current-uiculture="en-US" />
  <test-suite type="Assembly" name="D:\git_local\HL_Automation\HL_Smoke\HL_Smoke\bin\Debug\HL_Smoke.dll" executed="False" result="Cancelled">
    <results>
      <test-suite type="Namespace" name="HL_Smoke" executed="False" result="Cancelled">
        <results>
          <test-suite type="TestFixture" name="b_Smoke_Recipients" executed="True" result="Failure" success="False" time="554.505" asserts="1">
            <results>
              <test-case name="HL_Smoke.b_Smoke_Recipients.a_Directory_Settings_Panel" executed="True" result="Success" success="True" time="41.257" asserts="1" />
              <test-case name="HL_Smoke.b_Smoke_Recipients.b_Add_Messenger" executed="True" result="Success" success="True" time="41.801" asserts="1" />
              <test-case name="HL_Smoke.b_Smoke_Recipients.c_Add_Carrier" executed="True" result="Success" success="True" time="56.129" asserts="1" />
              <test-case name="HL_Smoke.b_Smoke_Recipients.d_Add_Receiver" executed="True" result="Success" success="True" time="56.356" asserts="1" />
              <test-case name="HL_Smoke.b_Smoke_Recipients.e_Add_Broadcast_Group" executed="True" result="Success" success="True" time="48.833" asserts="1" />
              <test-case name="HL_Smoke.b_Smoke_Recipients.f_Add_Escalation_Group" executed="True" result="Error" success="False" time="46.028" asserts="0">
                <failure>
                  <message><![CDATA[OpenQA.Selenium.ElementNotVisibleException : Element is not currently visible and so may not be interacted with]]></message>
                  <stack-trace><![CDATA[at OpenQA.Selenium.Remote.RemoteWebDriver.UnpackAndThrowOnError(Response errorResponse) in c:\Projects\webdriver\dotnet\src\webdriver\Remote\RemoteWebDriver.cs:line 1064
at OpenQA.Selenium.Remote.RemoteWebDriver.Execute(String driverCommandToExecute, Dictionary`2 parameters) in c:\Projects\webdriver\dotnet\src\webdriver\Remote\RemoteWebDriver.cs:line 865
at HL_Smoke.b_Smoke_Recipients.hover_func(String id_name, String link_text, String a_text) in d:\git_local\HL_Automation\HL_Smoke\HL_Smoke\b_Smoke_Recipients.cs:line 1339
at HL_Smoke.b_Smoke_Recipients.check_driver_type(String drivertype, String id_name, String link_text, String a_text) in d:\git_local\HL_Automation\HL_Smoke\HL_Smoke\b_Smoke_Recipients.cs:line 1305
at HL_Smoke.b_Smoke_Recipients.f_Add_Escalation_Group() in d:\git_local\HL_Automation\HL_Smoke\HL_Smoke\b_Smoke_Recipients.cs:line 776
]]></stack-trace>
                </failure>
              </test-case>
              <test-case name="HL_Smoke.b_Smoke_Recipients.g_Add_On_Duty_Group" executed="True" result="Error" success="False" time="86.491" asserts="1">
                <failure>
                  <message><![CDATA[OpenQA.Selenium.NoSuchElementException : Unable to locate element: {"method":"xpath","selector":"//li[text()='receiver_smtp']"}]]></message>
                  <stack-trace><![CDATA[at OpenQA.Selenium.Remote.RemoteWebDriver.UnpackAndThrowOnError(Response errorResponse) in c:\Projects\webdriver\dotnet\src\webdriver\Remote\RemoteWebDriver.cs:line 1051
at OpenQA.Selenium.Remote.RemoteWebDriver.Execute(String driverCommandToExecute, Dictionary`2 parameters) in c:\Projects\webdriver\dotnet\src\webdriver\Remote\RemoteWebDriver.cs:line 865
at OpenQA.Selenium.Remote.RemoteWebDriver.FindElement(String mechanism, String value) in c:\Projects\webdriver\dotnet\src\webdriver\Remote\RemoteWebDriver.cs:line 894
at OpenQA.Selenium.By.FindElement(ISearchContext context) in c:\Projects\webdriver\dotnet\src\webdriver\By.cs:line 309
at HL_Smoke.b_Smoke_Recipients.g_Add_On_Duty_Group() in d:\git_local\HL_Automation\HL_Smoke\HL_Smoke\b_Smoke_Recipients.cs:line 889
]]></stack-trace>
                </failure>
              </test-case>
              <test-case name="HL_Smoke.b_Smoke_Recipients.h_Add_Follow_me_Group" executed="True" result="Error" success="False" time="68.949" asserts="1">
                <failure>
                  <message><![CDATA[OpenQA.Selenium.ElementNotVisibleException : Element is not currently visible and so may not be interacted with]]></message>
                  <stack-trace><![CDATA[at OpenQA.Selenium.Remote.RemoteWebDriver.UnpackAndThrowOnError(Response errorResponse) in c:\Projects\webdriver\dotnet\src\webdriver\Remote\RemoteWebDriver.cs:line 1064
at OpenQA.Selenium.Remote.RemoteWebDriver.Execute(String driverCommandToExecute, Dictionary`2 parameters) in c:\Projects\webdriver\dotnet\src\webdriver\Remote\RemoteWebDriver.cs:line 865
at HL_Smoke.b_Smoke_Recipients.h_Add_Follow_me_Group() in d:\git_local\HL_Automation\HL_Smoke\HL_Smoke\b_Smoke_Recipients.cs:line 1004
]]></stack-trace>
                </failure>
              </test-case>
              <test-case name="HL_Smoke.b_Smoke_Recipients.i_Add_Rotate_Group" executed="True" result="Success" success="True" time="49.324" asserts="1" />
              <test-case name="HL_Smoke.b_Smoke_Recipients.j_Add_Subscription_Group" executed="True" result="Success" success="True" time="46.342" asserts="1" />
            </results>
          </test-suite>
          <test-suite type="TestFixture" name="c_Smoke_Account" executed="False" result="Cancelled">
            <results>
              <test-case name="HL_Smoke.c_Smoke_Account.a_Add_Timezone" executed="True" result="Success" success="True" time="42.617" asserts="1" />
              <test-case name="HL_Smoke.c_Smoke_Account.b_Add_Message_Template" executed="True" result="Error" success="False" time="78.958" asserts="1">
                <failure>
                  <message><![CDATA[OpenQA.Selenium.NoSuchElementException : Unable to locate element: {"method":"xpath","selector":".//*[@id='divGrid_idGridDataNode']/div[1]/div[1]/div[1]/div[2]"}]]></message>
                  <stack-trace><![CDATA[at OpenQA.Selenium.Remote.RemoteWebDriver.UnpackAndThrowOnError(Response errorResponse) in c:\Projects\webdriver\dotnet\src\webdriver\Remote\RemoteWebDriver.cs:line 1051
at OpenQA.Selenium.Remote.RemoteWebDriver.Execute(String driverCommandToExecute, Dictionary`2 parameters) in c:\Projects\webdriver\dotnet\src\webdriver\Remote\RemoteWebDriver.cs:line 865
at OpenQA.Selenium.Remote.RemoteWebDriver.FindElement(String mechanism, String value) in c:\Projects\webdriver\dotnet\src\webdriver\Remote\RemoteWebDriver.cs:line 894
at OpenQA.Selenium.By.FindElement(ISearchContext context) in c:\Projects\webdriver\dotnet\src\webdriver\By.cs:line 309
at HL_Smoke.c_Smoke_Account.b_Add_Message_Template() in d:\git_local\HL_Automation\HL_Smoke\HL_Smoke\c_Smoke_Account.cs:line 332
]]></stack-trace>
                </failure>
              </test-case>
              <test-case name="HL_Smoke.c_Smoke_Account.c_Add_Response_Action" executed="False" result="Cancelled">
                <failure>
                  <message><![CDATA[Test cancelled by user]]></message>
                  <stack-trace><![CDATA[at System.RuntimeMethodHandle.InvokeMethod(Object target, Object[] arguments, Signature sig, Boolean constructor)
at System.Reflection.RuntimeMethodInfo.UnsafeInvokeInternal(Object obj, Object[] parameters, Object[] arguments)
at System.Reflection.RuntimeMethodInfo.Invoke(Object obj, BindingFlags invokeAttr, Binder binder, Object[] parameters, CultureInfo culture)
at NUnit.Core.Reflect.InvokeMethod(MethodInfo method, Object fixture, Object[] args)
at NUnit.Core.TestMethod.RunTestMethod()
at NUnit.Core.TestMethod.RunTestCase(TestResult testResult)
]]></stack-trace>
                </failure>
              </test-case>
            </results>
          </test-suite>
        </results>
      </test-suite>
    </results>
  </test-suite>
</test-results>