<?xml version="1.0" encoding="utf-8" standalone="no"?>
<!--This file represents the results of running a test suite-->
<test-results name="D:\git_local\HL_Automation\HL_Smoke\HL_Smoke\bin\Debug\HL_Smoke.dll" total="49" errors="12" failures="23" not-run="0" inconclusive="0" ignored="0" skipped="0" invalid="0" date="2014-09-23" time="19:21:25">
  <environment nunit-version="2.6.3.13283" clr-version="2.0.50727.5485" os-version="Microsoft Windows NT 6.1.7601 Service Pack 1" platform="Win32NT" cwd="C:\Program Files (x86)\NUnit 2.6.3\bin" machine-name="FAHADALI-PC" user="fali" user-domain="FOLIO3PK" />
  <culture-info current-culture="en-US" current-uiculture="en-US" />
  <test-suite type="Assembly" name="D:\git_local\HL_Automation\HL_Smoke\HL_Smoke\bin\Debug\HL_Smoke.dll" executed="True" result="Failure" success="False" time="2328.480" asserts="0">
    <results>
      <test-suite type="Namespace" name="HL_Smoke" executed="True" result="Failure" success="False" time="2328.463" asserts="0">
        <results>
          <test-suite type="TestFixture" name="a_Smoke_Global_Settings" executed="True" result="Failure" success="False" time="59.001" asserts="1">
            <results>
              <test-case name="HL_Smoke.a_Smoke_Global_Settings.Global_Settings_Panel" executed="True" result="Error" success="False" time="46.456" asserts="0">
                <failure>
                  <message><![CDATA[OpenQA.Selenium.ElementNotVisibleException : element not visible
  (Session info: chrome=37.0.2062.120)
  (Driver info: chromedriver=2.10.267521,platform=Windows NT 6.1 SP1 x86_64)]]></message>
                  <stack-trace><![CDATA[at OpenQA.Selenium.Remote.RemoteWebDriver.UnpackAndThrowOnError(Response errorResponse) in c:\Projects\webdriver\dotnet\src\webdriver\Remote\RemoteWebDriver.cs:line 1064
at OpenQA.Selenium.Remote.RemoteWebDriver.Execute(String driverCommandToExecute, Dictionary`2 parameters) in c:\Projects\webdriver\dotnet\src\webdriver\Remote\RemoteWebDriver.cs:line 865
at HL_Smoke.HL_Base_Class.hover_func(String id_name, String link_text, String a_text) in d:\git_local\HL_Automation\HL_Smoke\HL_Smoke\HL_Base_Class.cs:line 195
at HL_Smoke.HL_Base_Class.check_driver_type(String drivertype, String id_name, String link_text, String a_text) in d:\git_local\HL_Automation\HL_Smoke\HL_Smoke\HL_Base_Class.cs:line 158
at HL_Smoke.a_Smoke_Global_Settings.Global_Settings_Panel() in d:\git_local\HL_Automation\HL_Smoke\HL_Smoke\a_Smoke_Global_Settings.cs:line 161
]]></stack-trace>
                </failure>
              </test-case>
            </results>
          </test-suite>
          <test-suite type="TestFixture" name="b_Smoke_Recipients" executed="True" result="Failure" success="False" time="901.276" asserts="1">
            <results>
              <test-case name="HL_Smoke.b_Smoke_Recipients.a_Directory_Settings_Panel" executed="True" result="Success" success="True" time="73.770" asserts="1" />
              <test-case name="HL_Smoke.b_Smoke_Recipients.b_Add_Messenger" executed="True" result="Success" success="True" time="82.005" asserts="1" />
              <test-case name="HL_Smoke.b_Smoke_Recipients.c_Add_Carrier" executed="True" result="Success" success="True" time="99.546" asserts="1" />
              <test-case name="HL_Smoke.b_Smoke_Recipients.d_Add_Receiver" executed="True" result="Success" success="True" time="91.424" asserts="1" />
              <test-case name="HL_Smoke.b_Smoke_Recipients.e_Add_Broadcast_Group" executed="True" result="Success" success="True" time="94.814" asserts="1" />
              <test-case name="HL_Smoke.b_Smoke_Recipients.f_Add_Escalation_Group" executed="True" result="Success" success="True" time="94.806" asserts="1" />
              <test-case name="HL_Smoke.b_Smoke_Recipients.g_Add_On_Duty_Group" executed="True" result="Success" success="True" time="91.589" asserts="1" />
              <test-case name="HL_Smoke.b_Smoke_Recipients.h_Add_Follow_me_Group" executed="True" result="Error" success="False" time="76.082" asserts="1">
                <failure>
                  <message><![CDATA[OpenQA.Selenium.ElementNotVisibleException : element not visible
  (Session info: chrome=37.0.2062.120)
  (Driver info: chromedriver=2.10.267521,platform=Windows NT 6.1 SP1 x86_64)]]></message>
                  <stack-trace><![CDATA[at OpenQA.Selenium.Remote.RemoteWebDriver.UnpackAndThrowOnError(Response errorResponse) in c:\Projects\webdriver\dotnet\src\webdriver\Remote\RemoteWebDriver.cs:line 1064
at OpenQA.Selenium.Remote.RemoteWebDriver.Execute(String driverCommandToExecute, Dictionary`2 parameters) in c:\Projects\webdriver\dotnet\src\webdriver\Remote\RemoteWebDriver.cs:line 865
at HL_Smoke.b_Smoke_Recipients.h_Add_Follow_me_Group() in d:\git_local\HL_Automation\HL_Smoke\HL_Smoke\b_Smoke_Recipients.cs:line 991
]]></stack-trace>
                </failure>
              </test-case>
              <test-case name="HL_Smoke.b_Smoke_Recipients.i_Add_Rotate_Group" executed="True" result="Success" success="True" time="84.000" asserts="1" />
              <test-case name="HL_Smoke.b_Smoke_Recipients.j_Add_Subscription_Group" executed="True" result="Success" success="True" time="102.191" asserts="1" />
            </results>
          </test-suite>
          <test-suite type="TestFixture" name="c_Smoke_Account" executed="True" result="Failure" success="False" time="511.108" asserts="1">
            <results>
              <test-case name="HL_Smoke.c_Smoke_Account.a_Add_Timezone" executed="True" result="Success" success="True" time="75.915" asserts="1" />
              <test-case name="HL_Smoke.c_Smoke_Account.b_Add_Message_Template" executed="True" result="Success" success="True" time="100.548" asserts="1" />
              <test-case name="HL_Smoke.c_Smoke_Account.c_Add_Response_Action" executed="True" result="Success" success="True" time="81.165" asserts="1" />
              <test-case name="HL_Smoke.c_Smoke_Account.d_Add_User_Group" executed="True" result="Success" success="True" time="100.475" asserts="1" />
              <test-case name="HL_Smoke.c_Smoke_Account.e_Add_Department" executed="True" result="Success" success="True" time="94.105" asserts="1" />
              <test-case name="HL_Smoke.c_Smoke_Account.f_Add_User" executed="True" result="Error" success="False" time="47.368" asserts="0">
                <failure>
                  <message><![CDATA[OpenQA.Selenium.ElementNotVisibleException : element not visible
  (Session info: chrome=37.0.2062.120)
  (Driver info: chromedriver=2.10.267521,platform=Windows NT 6.1 SP1 x86_64)]]></message>
                  <stack-trace><![CDATA[at OpenQA.Selenium.Remote.RemoteWebDriver.UnpackAndThrowOnError(Response errorResponse) in c:\Projects\webdriver\dotnet\src\webdriver\Remote\RemoteWebDriver.cs:line 1064
at OpenQA.Selenium.Remote.RemoteWebDriver.Execute(String driverCommandToExecute, Dictionary`2 parameters) in c:\Projects\webdriver\dotnet\src\webdriver\Remote\RemoteWebDriver.cs:line 865
at HL_Smoke.HL_Base_Class.hover_func(String id_name, String link_text, String a_text) in d:\git_local\HL_Automation\HL_Smoke\HL_Smoke\HL_Base_Class.cs:line 195
at HL_Smoke.HL_Base_Class.check_driver_type(String drivertype, String id_name, String link_text, String a_text) in d:\git_local\HL_Automation\HL_Smoke\HL_Smoke\HL_Base_Class.cs:line 158
at HL_Smoke.c_Smoke_Account.f_Add_User() in d:\git_local\HL_Automation\HL_Smoke\HL_Smoke\c_Smoke_Account.cs:line 698
]]></stack-trace>
                </failure>
              </test-case>
            </results>
          </test-suite>
          <test-suite type="TestFixture" name="d_Smoke_Send_Panels" executed="True" result="Failure" success="False" time="724.709" asserts="1">
            <results>
              <test-case name="HL_Smoke.d_Smoke_Send_Panels.a_Services_Settings_Panel" executed="True" result="Error" success="False" time="76.741" asserts="1">
                <failure>
                  <message><![CDATA[System.InvalidOperationException : unknown error: Element is not clickable at point (319, 223). Other element would receive the click: <div class="c_ld_img"></div>
  (Session info: chrome=37.0.2062.120)
  (Driver info: chromedriver=2.10.267521,platform=Windows NT 6.1 SP1 x86_64)]]></message>
                  <stack-trace><![CDATA[at OpenQA.Selenium.Remote.RemoteWebDriver.UnpackAndThrowOnError(Response errorResponse) in c:\Projects\webdriver\dotnet\src\webdriver\Remote\RemoteWebDriver.cs:line 1048
at OpenQA.Selenium.Remote.RemoteWebDriver.Execute(String driverCommandToExecute, Dictionary`2 parameters) in c:\Projects\webdriver\dotnet\src\webdriver\Remote\RemoteWebDriver.cs:line 865
at HL_Smoke.d_Smoke_Send_Panels.a_Services_Settings_Panel() in d:\git_local\HL_Automation\HL_Smoke\HL_Smoke\d_Smoke_Send_Panels.cs:line 205
]]></stack-trace>
                </failure>
              </test-case>
              <test-case name="HL_Smoke.d_Smoke_Send_Panels.b_Primary_Send_Panel" executed="True" result="Error" success="False" time="5.044" asserts="0">
                <failure>
                  <message><![CDATA[System.InvalidOperationException : unknown error: Element is not clickable at point (515, 56). Other element would receive the click: <div class="c_ld_img"></div>
  (Session info: chrome=37.0.2062.120)
  (Driver info: chromedriver=2.10.267521,platform=Windows NT 6.1 SP1 x86_64)]]></message>
                  <stack-trace><![CDATA[at OpenQA.Selenium.Remote.RemoteWebDriver.UnpackAndThrowOnError(Response errorResponse) in c:\Projects\webdriver\dotnet\src\webdriver\Remote\RemoteWebDriver.cs:line 1048
at OpenQA.Selenium.Remote.RemoteWebDriver.Execute(String driverCommandToExecute, Dictionary`2 parameters) in c:\Projects\webdriver\dotnet\src\webdriver\Remote\RemoteWebDriver.cs:line 865
at HL_Smoke.HL_Base_Class.check_driver_type(String drivertype, String id_name, String link_text, String a_text) in d:\git_local\HL_Automation\HL_Smoke\HL_Smoke\HL_Base_Class.cs:line 137
at HL_Smoke.d_Smoke_Send_Panels.b_Primary_Send_Panel() in d:\git_local\HL_Automation\HL_Smoke\HL_Smoke\d_Smoke_Send_Panels.cs:line 313
]]></stack-trace>
                </failure>
              </test-case>
              <test-case name="HL_Smoke.d_Smoke_Send_Panels.c_Quick_Send_Panel" executed="True" result="Error" success="False" time="5.031" asserts="0">
                <failure>
                  <message><![CDATA[System.InvalidOperationException : unknown error: Element is not clickable at point (515, 56). Other element would receive the click: <div class="c_ld_img"></div>
  (Session info: chrome=37.0.2062.120)
  (Driver info: chromedriver=2.10.267521,platform=Windows NT 6.1 SP1 x86_64)]]></message>
                  <stack-trace><![CDATA[at OpenQA.Selenium.Remote.RemoteWebDriver.UnpackAndThrowOnError(Response errorResponse) in c:\Projects\webdriver\dotnet\src\webdriver\Remote\RemoteWebDriver.cs:line 1048
at OpenQA.Selenium.Remote.RemoteWebDriver.Execute(String driverCommandToExecute, Dictionary`2 parameters) in c:\Projects\webdriver\dotnet\src\webdriver\Remote\RemoteWebDriver.cs:line 865
at HL_Smoke.HL_Base_Class.check_driver_type(String drivertype, String id_name, String link_text, String a_text) in d:\git_local\HL_Automation\HL_Smoke\HL_Smoke\HL_Base_Class.cs:line 137
at HL_Smoke.d_Smoke_Send_Panels.c_Quick_Send_Panel() in d:\git_local\HL_Automation\HL_Smoke\HL_Smoke\d_Smoke_Send_Panels.cs:line 410
]]></stack-trace>
                </failure>
              </test-case>
              <test-case name="HL_Smoke.d_Smoke_Send_Panels.d_Escalation_Send_Panel" executed="True" result="Error" success="False" time="5.049" asserts="0">
                <failure>
                  <message><![CDATA[System.InvalidOperationException : unknown error: Element is not clickable at point (515, 56). Other element would receive the click: <div class="c_ld_img"></div>
  (Session info: chrome=37.0.2062.120)
  (Driver info: chromedriver=2.10.267521,platform=Windows NT 6.1 SP1 x86_64)]]></message>
                  <stack-trace><![CDATA[at OpenQA.Selenium.Remote.RemoteWebDriver.UnpackAndThrowOnError(Response errorResponse) in c:\Projects\webdriver\dotnet\src\webdriver\Remote\RemoteWebDriver.cs:line 1048
at OpenQA.Selenium.Remote.RemoteWebDriver.Execute(String driverCommandToExecute, Dictionary`2 parameters) in c:\Projects\webdriver\dotnet\src\webdriver\Remote\RemoteWebDriver.cs:line 865
at HL_Smoke.HL_Base_Class.check_driver_type(String drivertype, String id_name, String link_text, String a_text) in d:\git_local\HL_Automation\HL_Smoke\HL_Smoke\HL_Base_Class.cs:line 137
at HL_Smoke.d_Smoke_Send_Panels.d_Escalation_Send_Panel() in d:\git_local\HL_Automation\HL_Smoke\HL_Smoke\d_Smoke_Send_Panels.cs:line 471
]]></stack-trace>
                </failure>
              </test-case>
              <test-case name="HL_Smoke.d_Smoke_Send_Panels.e_Fax_Send_Panel" executed="True" result="Error" success="False" time="0.048" asserts="0">
                <failure>
                  <message><![CDATA[System.InvalidOperationException : unknown error: Element is not clickable at point (436, 56). Other element would receive the click: <div class="c_ld_img"></div>
  (Session info: chrome=37.0.2062.120)
  (Driver info: chromedriver=2.10.267521,platform=Windows NT 6.1 SP1 x86_64)]]></message>
                  <stack-trace><![CDATA[at OpenQA.Selenium.Remote.RemoteWebDriver.UnpackAndThrowOnError(Response errorResponse) in c:\Projects\webdriver\dotnet\src\webdriver\Remote\RemoteWebDriver.cs:line 1048
at OpenQA.Selenium.Remote.RemoteWebDriver.Execute(String driverCommandToExecute, Dictionary`2 parameters) in c:\Projects\webdriver\dotnet\src\webdriver\Remote\RemoteWebDriver.cs:line 865
at HL_Smoke.d_Smoke_Send_Panels.e_Fax_Send_Panel() in d:\git_local\HL_Automation\HL_Smoke\HL_Smoke\d_Smoke_Send_Panels.cs:line 523
]]></stack-trace>
                </failure>
              </test-case>
              <test-case name="HL_Smoke.d_Smoke_Send_Panels.f_Voice_Send_Panel" executed="True" result="Error" success="False" time="0.029" asserts="0">
                <failure>
                  <message><![CDATA[System.InvalidOperationException : unknown error: Element is not clickable at point (436, 56). Other element would receive the click: <div class="c_ld_img"></div>
  (Session info: chrome=37.0.2062.120)
  (Driver info: chromedriver=2.10.267521,platform=Windows NT 6.1 SP1 x86_64)]]></message>
                  <stack-trace><![CDATA[at OpenQA.Selenium.Remote.RemoteWebDriver.UnpackAndThrowOnError(Response errorResponse) in c:\Projects\webdriver\dotnet\src\webdriver\Remote\RemoteWebDriver.cs:line 1048
at OpenQA.Selenium.Remote.RemoteWebDriver.Execute(String driverCommandToExecute, Dictionary`2 parameters) in c:\Projects\webdriver\dotnet\src\webdriver\Remote\RemoteWebDriver.cs:line 865
at HL_Smoke.d_Smoke_Send_Panels.f_Voice_Send_Panel() in d:\git_local\HL_Automation\HL_Smoke\HL_Smoke\d_Smoke_Send_Panels.cs:line 612
]]></stack-trace>
                </failure>
              </test-case>
              <test-case name="HL_Smoke.d_Smoke_Send_Panels.g_Quota_Send_Panel" executed="True" result="Error" success="False" time="5.032" asserts="0">
                <failure>
                  <message><![CDATA[System.InvalidOperationException : unknown error: Element is not clickable at point (515, 56). Other element would receive the click: <div class="c_ld_img"></div>
  (Session info: chrome=37.0.2062.120)
  (Driver info: chromedriver=2.10.267521,platform=Windows NT 6.1 SP1 x86_64)]]></message>
                  <stack-trace><![CDATA[at OpenQA.Selenium.Remote.RemoteWebDriver.UnpackAndThrowOnError(Response errorResponse) in c:\Projects\webdriver\dotnet\src\webdriver\Remote\RemoteWebDriver.cs:line 1048
at OpenQA.Selenium.Remote.RemoteWebDriver.Execute(String driverCommandToExecute, Dictionary`2 parameters) in c:\Projects\webdriver\dotnet\src\webdriver\Remote\RemoteWebDriver.cs:line 865
at HL_Smoke.HL_Base_Class.check_driver_type(String drivertype, String id_name, String link_text, String a_text) in d:\git_local\HL_Automation\HL_Smoke\HL_Smoke\HL_Base_Class.cs:line 137
at HL_Smoke.d_Smoke_Send_Panels.g_Quota_Send_Panel() in d:\git_local\HL_Automation\HL_Smoke\HL_Smoke\d_Smoke_Send_Panels.cs:line 690
]]></stack-trace>
                </failure>
              </test-case>
              <test-case name="HL_Smoke.d_Smoke_Send_Panels.h_Attribute_Send_Panel" executed="True" result="Error" success="False" time="47.328" asserts="0">
                <failure>
                  <message><![CDATA[OpenQA.Selenium.ElementNotVisibleException : element not visible
  (Session info: chrome=37.0.2062.120)
  (Driver info: chromedriver=2.10.267521,platform=Windows NT 6.1 SP1 x86_64)]]></message>
                  <stack-trace><![CDATA[at OpenQA.Selenium.Remote.RemoteWebDriver.UnpackAndThrowOnError(Response errorResponse) in c:\Projects\webdriver\dotnet\src\webdriver\Remote\RemoteWebDriver.cs:line 1064
at OpenQA.Selenium.Remote.RemoteWebDriver.Execute(String driverCommandToExecute, Dictionary`2 parameters) in c:\Projects\webdriver\dotnet\src\webdriver\Remote\RemoteWebDriver.cs:line 865
at HL_Smoke.HL_Base_Class.hover_func(String id_name, String link_text, String a_text) in d:\git_local\HL_Automation\HL_Smoke\HL_Smoke\HL_Base_Class.cs:line 195
at HL_Smoke.HL_Base_Class.check_driver_type(String drivertype, String id_name, String link_text, String a_text) in d:\git_local\HL_Automation\HL_Smoke\HL_Smoke\HL_Base_Class.cs:line 158
at HL_Smoke.d_Smoke_Send_Panels.h_Attribute_Send_Panel() in d:\git_local\HL_Automation\HL_Smoke\HL_Smoke\d_Smoke_Send_Panels.cs:line 735
]]></stack-trace>
                </failure>
              </test-case>
              <test-case name="HL_Smoke.d_Smoke_Send_Panels.i_Job_Confirmation_Panel" executed="True" result="Error" success="False" time="25.188" asserts="0">
                <failure>
                  <message><![CDATA[System.InvalidOperationException : unknown error: Element is not clickable at point (524, 56). Other element would receive the click: <div id="fade" class="black_overlay" style="display: block;"></div>
  (Session info: chrome=37.0.2062.120)
  (Driver info: chromedriver=2.10.267521,platform=Windows NT 6.1 SP1 x86_64)]]></message>
                  <stack-trace><![CDATA[at OpenQA.Selenium.Remote.RemoteWebDriver.UnpackAndThrowOnError(Response errorResponse) in c:\Projects\webdriver\dotnet\src\webdriver\Remote\RemoteWebDriver.cs:line 1048
at OpenQA.Selenium.Remote.RemoteWebDriver.Execute(String driverCommandToExecute, Dictionary`2 parameters) in c:\Projects\webdriver\dotnet\src\webdriver\Remote\RemoteWebDriver.cs:line 865
at HL_Smoke.HL_Base_Class.check_driver_type(String drivertype, String id_name, String link_text, String a_text) in d:\git_local\HL_Automation\HL_Smoke\HL_Smoke\HL_Base_Class.cs:line 154
at HL_Smoke.d_Smoke_Send_Panels.i_Job_Confirmation_Panel() in d:\git_local\HL_Automation\HL_Smoke\HL_Smoke\d_Smoke_Send_Panels.cs:line 770
]]></stack-trace>
                </failure>
              </test-case>
            </results>
          </test-suite>
          <test-suite type="TestFixture" name="e_Smoke_System" executed="True" result="Error" success="False" time="55.275" asserts="0">
            <failure>
              <message><![CDATA[SetUp : OpenQA.Selenium.WebDriverTimeoutException : Timed out after 30 seconds]]></message>
              <stack-trace><![CDATA[at OpenQA.Selenium.Support.UI.DefaultWait`1.ThrowTimeoutException(String exceptionMessage, Exception lastException) in c:\Projects\webdriver\dotnet\src\support\UI\DefaultWait.cs:line 215
at OpenQA.Selenium.Support.UI.DefaultWait`1.Until[TResult](Func`2 condition) in c:\Projects\webdriver\dotnet\src\support\UI\DefaultWait.cs:line 199
at HL_Smoke.e_Smoke_System.WaitForElementToExist(String ID, IWebDriver driver) in d:\git_local\HL_Automation\HL_Smoke\HL_Smoke\e_Smoke_System.cs:line 1447
at HL_Smoke.e_Smoke_System.SetupTest() in d:\git_local\HL_Automation\HL_Smoke\HL_Smoke\e_Smoke_System.cs:line 166
]]></stack-trace>
            </failure>
            <results>
              <test-case name="HL_Smoke.e_Smoke_System.a_System_Attendant_Settings" executed="True" result="Failure" success="False" time="0.000" asserts="0">
                <failure>
                  <message><![CDATA[TestFixtureSetUp failed in e_Smoke_System]]></message>
                  <stack-trace />
                </failure>
              </test-case>
              <test-case name="HL_Smoke.e_Smoke_System.b_Email_Gateway_Settings" executed="True" result="Failure" success="False" time="0.000" asserts="0">
                <failure>
                  <message><![CDATA[TestFixtureSetUp failed in e_Smoke_System]]></message>
                  <stack-trace />
                </failure>
              </test-case>
              <test-case name="HL_Smoke.e_Smoke_System.c_Backup_Settings_Panel" executed="True" result="Failure" success="False" time="0.000" asserts="0">
                <failure>
                  <message><![CDATA[TestFixtureSetUp failed in e_Smoke_System]]></message>
                  <stack-trace />
                </failure>
              </test-case>
              <test-case name="HL_Smoke.e_Smoke_System.d_Snpp_Gateway" executed="True" result="Failure" success="False" time="0.000" asserts="0">
                <failure>
                  <message><![CDATA[TestFixtureSetUp failed in e_Smoke_System]]></message>
                  <stack-trace />
                </failure>
              </test-case>
              <test-case name="HL_Smoke.e_Smoke_System.e_Add_Tap_Gateway" executed="True" result="Failure" success="False" time="0.000" asserts="0">
                <failure>
                  <message><![CDATA[TestFixtureSetUp failed in e_Smoke_System]]></message>
                  <stack-trace />
                </failure>
              </test-case>
              <test-case name="HL_Smoke.e_Smoke_System.f_File_System_Interface" executed="True" result="Failure" success="False" time="0.000" asserts="0">
                <failure>
                  <message><![CDATA[TestFixtureSetUp failed in e_Smoke_System]]></message>
                  <stack-trace />
                </failure>
              </test-case>
              <test-case name="HL_Smoke.e_Smoke_System.g_Add_Feedback" executed="True" result="Failure" success="False" time="0.000" asserts="0">
                <failure>
                  <message><![CDATA[TestFixtureSetUp failed in e_Smoke_System]]></message>
                  <stack-trace />
                </failure>
              </test-case>
              <test-case name="HL_Smoke.e_Smoke_System.h_Add_Schedule_Template" executed="True" result="Failure" success="False" time="0.000" asserts="0">
                <failure>
                  <message><![CDATA[TestFixtureSetUp failed in e_Smoke_System]]></message>
                  <stack-trace />
                </failure>
              </test-case>
              <test-case name="HL_Smoke.e_Smoke_System.i_LDAP_Panel" executed="True" result="Failure" success="False" time="0.000" asserts="0">
                <failure>
                  <message><![CDATA[TestFixtureSetUp failed in e_Smoke_System]]></message>
                  <stack-trace />
                </failure>
              </test-case>
              <test-case name="HL_Smoke.e_Smoke_System.j_Filter_Panel" executed="True" result="Failure" success="False" time="0.000" asserts="0">
                <failure>
                  <message><![CDATA[TestFixtureSetUp failed in e_Smoke_System]]></message>
                  <stack-trace />
                </failure>
              </test-case>
            </results>
          </test-suite>
          <test-suite type="TestFixture" name="f_Smoke_Hnp" executed="True" result="Error" success="False" time="48.090" asserts="0">
            <failure>
              <message><![CDATA[SetUp : OpenQA.Selenium.NoSuchWindowException : no such window: target window already closed
from unknown error: web view not found
  (Session info: chrome=37.0.2062.120)
  (Driver info: chromedriver=2.10.267521,platform=Windows NT 6.1 SP1 x86_64)]]></message>
              <stack-trace><![CDATA[at OpenQA.Selenium.Remote.RemoteWebDriver.UnpackAndThrowOnError(Response errorResponse) in c:\Projects\webdriver\dotnet\src\webdriver\Remote\RemoteWebDriver.cs:line 1076
at OpenQA.Selenium.Remote.RemoteWebDriver.Execute(String driverCommandToExecute, Dictionary`2 parameters) in c:\Projects\webdriver\dotnet\src\webdriver\Remote\RemoteWebDriver.cs:line 865
at OpenQA.Selenium.Remote.RemoteWebDriver.GetScreenshot() in c:\Projects\webdriver\dotnet\src\webdriver\Remote\RemoteWebDriver.cs:line 715
at HL_Smoke.f_Smoke_Hnp.takescreenshot(String suffix) in d:\git_local\HL_Automation\HL_Smoke\HL_Smoke\f_Smoke_Hnp.cs:line 480
at HL_Smoke.f_Smoke_Hnp.SetupTest() in d:\git_local\HL_Automation\HL_Smoke\HL_Smoke\f_Smoke_Hnp.cs:line 170
]]></stack-trace>
            </failure>
            <results>
              <test-case name="HL_Smoke.f_Smoke_Hnp.a_Hnp_Configuration" executed="True" result="Failure" success="False" time="0.000" asserts="0">
                <failure>
                  <message><![CDATA[TestFixtureSetUp failed in f_Smoke_Hnp]]></message>
                  <stack-trace />
                </failure>
              </test-case>
            </results>
          </test-suite>
          <test-suite type="TestFixture" name="g_Smoke_Logs_Queues_Reports" executed="True" result="Error" success="False" time="1.850" asserts="0">
            <failure>
              <message><![CDATA[SetUp : OpenQA.Selenium.WebDriverException : A exception with a null response was thrown sending an HTTP request to the remote WebDriver server for URL http://localhost:62542/session. The status of the exception was ReceiveFailure, and the message was: The underlying connection was closed: An unexpected error occurred on a receive.
  ----> System.Net.WebException : The underlying connection was closed: An unexpected error occurred on a receive.
  ----> System.IO.IOException : Unable to read data from the transport connection: An existing connection was forcibly closed by the remote host.
  ----> System.Net.Sockets.SocketException : An existing connection was forcibly closed by the remote host]]></message>
              <stack-trace><![CDATA[at OpenQA.Selenium.Remote.HttpCommandExecutor.CreateResponse(WebRequest request) in c:\Projects\webdriver\dotnet\src\webdriver\Remote\HttpCommandExecutor.cs:line 155
at OpenQA.Selenium.Remote.DriverServiceCommandExecutor.Execute(Command commandToExecute) in c:\Projects\webdriver\dotnet\src\webdriver\Remote\DriverServiceCommandExecutor.cs:line 73
at OpenQA.Selenium.Remote.RemoteWebDriver.Execute(String driverCommandToExecute, Dictionary`2 parameters) in c:\Projects\webdriver\dotnet\src\webdriver\Remote\RemoteWebDriver.cs:line 852
at OpenQA.Selenium.Remote.RemoteWebDriver..ctor(ICommandExecutor commandExecutor, ICapabilities desiredCapabilities) in c:\Projects\webdriver\dotnet\src\webdriver\Remote\RemoteWebDriver.cs:line 88
at HL_Smoke.g_Smoke_Logs_Queues_Reports.SetupTest() in d:\git_local\HL_Automation\HL_Smoke\HL_Smoke\g_Smoke_Logs_Queues_Reports.cs:line 100
--WebException
at System.Net.HttpWebRequest.GetResponse()
at OpenQA.Selenium.Remote.HttpCommandExecutor.CreateResponse(WebRequest request) in c:\Projects\webdriver\dotnet\src\webdriver\Remote\HttpCommandExecutor.cs:line 142
--IOException
at System.Net.Sockets.NetworkStream.Read(Byte[] buffer, Int32 offset, Int32 size)
at System.Net.PooledStream.Read(Byte[] buffer, Int32 offset, Int32 size)
at System.Net.Connection.SyncRead(HttpWebRequest request, Boolean userRetrievedStream, Boolean probeRead)
--SocketException
at System.Net.Sockets.NetworkStream.Read(Byte[] buffer, Int32 offset, Int32 size)
]]></stack-trace>
            </failure>
            <results>
              <test-case name="HL_Smoke.g_Smoke_Logs_Queues_Reports.a_Logs_Settings" executed="True" result="Failure" success="False" time="0.000" asserts="0">
                <failure>
                  <message><![CDATA[TestFixtureSetUp failed in g_Smoke_Logs_Queues_Reports]]></message>
                  <stack-trace />
                </failure>
              </test-case>
              <test-case name="HL_Smoke.g_Smoke_Logs_Queues_Reports.b_Logs_View" executed="True" result="Failure" success="False" time="0.000" asserts="0">
                <failure>
                  <message><![CDATA[TestFixtureSetUp failed in g_Smoke_Logs_Queues_Reports]]></message>
                  <stack-trace />
                </failure>
              </test-case>
              <test-case name="HL_Smoke.g_Smoke_Logs_Queues_Reports.c_Queues_Panel" executed="True" result="Failure" success="False" time="0.000" asserts="0">
                <failure>
                  <message><![CDATA[TestFixtureSetUp failed in g_Smoke_Logs_Queues_Reports]]></message>
                  <stack-trace />
                </failure>
              </test-case>
              <test-case name="HL_Smoke.g_Smoke_Logs_Queues_Reports.d_Reports_Panel" executed="True" result="Failure" success="False" time="0.000" asserts="0">
                <failure>
                  <message><![CDATA[TestFixtureSetUp failed in g_Smoke_Logs_Queues_Reports]]></message>
                  <stack-trace />
                </failure>
              </test-case>
              <test-case name="HL_Smoke.g_Smoke_Logs_Queues_Reports.e_Statistics" executed="True" result="Failure" success="False" time="0.000" asserts="0">
                <failure>
                  <message><![CDATA[TestFixtureSetUp failed in g_Smoke_Logs_Queues_Reports]]></message>
                  <stack-trace />
                </failure>
              </test-case>
            </results>
          </test-suite>
          <test-suite type="TestFixture" name="h_Smoke_User_Profile" executed="True" result="Error" success="False" time="1.580" asserts="0">
            <failure>
              <message><![CDATA[SetUp : OpenQA.Selenium.WebDriverException : A exception with a null response was thrown sending an HTTP request to the remote WebDriver server for URL http://localhost:62552/session. The status of the exception was ReceiveFailure, and the message was: The underlying connection was closed: An unexpected error occurred on a receive.
  ----> System.Net.WebException : The underlying connection was closed: An unexpected error occurred on a receive.
  ----> System.IO.IOException : Unable to read data from the transport connection: An existing connection was forcibly closed by the remote host.
  ----> System.Net.Sockets.SocketException : An existing connection was forcibly closed by the remote host]]></message>
              <stack-trace><![CDATA[at OpenQA.Selenium.Remote.HttpCommandExecutor.CreateResponse(WebRequest request) in c:\Projects\webdriver\dotnet\src\webdriver\Remote\HttpCommandExecutor.cs:line 155
at OpenQA.Selenium.Remote.DriverServiceCommandExecutor.Execute(Command commandToExecute) in c:\Projects\webdriver\dotnet\src\webdriver\Remote\DriverServiceCommandExecutor.cs:line 73
at OpenQA.Selenium.Remote.RemoteWebDriver.Execute(String driverCommandToExecute, Dictionary`2 parameters) in c:\Projects\webdriver\dotnet\src\webdriver\Remote\RemoteWebDriver.cs:line 852
at OpenQA.Selenium.Remote.RemoteWebDriver..ctor(ICommandExecutor commandExecutor, ICapabilities desiredCapabilities) in c:\Projects\webdriver\dotnet\src\webdriver\Remote\RemoteWebDriver.cs:line 88
at HL_Smoke.h_Smoke_User_Profile.SetupTest() in d:\git_local\HL_Automation\HL_Smoke\HL_Smoke\h_Smoke_User_Profile.cs:line 99
--WebException
at System.Net.HttpWebRequest.GetResponse()
at OpenQA.Selenium.Remote.HttpCommandExecutor.CreateResponse(WebRequest request) in c:\Projects\webdriver\dotnet\src\webdriver\Remote\HttpCommandExecutor.cs:line 142
--IOException
at System.Net.Sockets.NetworkStream.Read(Byte[] buffer, Int32 offset, Int32 size)
at System.Net.PooledStream.Read(Byte[] buffer, Int32 offset, Int32 size)
at System.Net.Connection.SyncRead(HttpWebRequest request, Boolean userRetrievedStream, Boolean probeRead)
--SocketException
at System.Net.Sockets.NetworkStream.Read(Byte[] buffer, Int32 offset, Int32 size)
]]></stack-trace>
            </failure>
            <results>
              <test-case name="HL_Smoke.h_Smoke_User_Profile.a_User_Profile" executed="True" result="Failure" success="False" time="0.000" asserts="0">
                <failure>
                  <message><![CDATA[TestFixtureSetUp failed in h_Smoke_User_Profile]]></message>
                  <stack-trace />
                </failure>
              </test-case>
            </results>
          </test-suite>
          <test-suite type="TestFixture" name="i_Smoke_Shortcut_keys" executed="True" result="Error" success="False" time="1.364" asserts="0">
            <failure>
              <message><![CDATA[SetUp : OpenQA.Selenium.WebDriverException : A exception with a null response was thrown sending an HTTP request to the remote WebDriver server for URL http://localhost:62559/session. The status of the exception was ReceiveFailure, and the message was: The underlying connection was closed: An unexpected error occurred on a receive.
  ----> System.Net.WebException : The underlying connection was closed: An unexpected error occurred on a receive.
  ----> System.IO.IOException : Unable to read data from the transport connection: An existing connection was forcibly closed by the remote host.
  ----> System.Net.Sockets.SocketException : An existing connection was forcibly closed by the remote host]]></message>
              <stack-trace><![CDATA[at OpenQA.Selenium.Remote.HttpCommandExecutor.CreateResponse(WebRequest request) in c:\Projects\webdriver\dotnet\src\webdriver\Remote\HttpCommandExecutor.cs:line 155
at OpenQA.Selenium.Remote.DriverServiceCommandExecutor.Execute(Command commandToExecute) in c:\Projects\webdriver\dotnet\src\webdriver\Remote\DriverServiceCommandExecutor.cs:line 73
at OpenQA.Selenium.Remote.RemoteWebDriver.Execute(String driverCommandToExecute, Dictionary`2 parameters) in c:\Projects\webdriver\dotnet\src\webdriver\Remote\RemoteWebDriver.cs:line 852
at OpenQA.Selenium.Remote.RemoteWebDriver..ctor(ICommandExecutor commandExecutor, ICapabilities desiredCapabilities) in c:\Projects\webdriver\dotnet\src\webdriver\Remote\RemoteWebDriver.cs:line 88
at HL_Smoke.i_Smoke_Shortcut_keys.SetupTest() in d:\git_local\HL_Automation\HL_Smoke\HL_Smoke\i_Smoke_Shortcut_keys.cs:line 98
--WebException
at System.Net.HttpWebRequest.GetResponse()
at OpenQA.Selenium.Remote.HttpCommandExecutor.CreateResponse(WebRequest request) in c:\Projects\webdriver\dotnet\src\webdriver\Remote\HttpCommandExecutor.cs:line 142
--IOException
at System.Net.Sockets.NetworkStream.Read(Byte[] buffer, Int32 offset, Int32 size)
at System.Net.PooledStream.Read(Byte[] buffer, Int32 offset, Int32 size)
at System.Net.Connection.SyncRead(HttpWebRequest request, Boolean userRetrievedStream, Boolean probeRead)
--SocketException
at System.Net.Sockets.NetworkStream.Read(Byte[] buffer, Int32 offset, Int32 size)
]]></stack-trace>
            </failure>
            <results>
              <test-case name="HL_Smoke.i_Smoke_Shortcut_keys.shortcut_keys" executed="True" result="Failure" success="False" time="0.000" asserts="0">
                <failure>
                  <message><![CDATA[TestFixtureSetUp failed in i_Smoke_Shortcut_keys]]></message>
                  <stack-trace />
                </failure>
              </test-case>
            </results>
          </test-suite>
          <test-suite type="TestFixture" name="j_Smoke_Global_search" executed="True" result="Error" success="False" time="1.481" asserts="0">
            <failure>
              <message><![CDATA[SetUp : OpenQA.Selenium.WebDriverException : A exception with a null response was thrown sending an HTTP request to the remote WebDriver server for URL http://localhost:62566/session. The status of the exception was ReceiveFailure, and the message was: The underlying connection was closed: An unexpected error occurred on a receive.
  ----> System.Net.WebException : The underlying connection was closed: An unexpected error occurred on a receive.
  ----> System.IO.IOException : Unable to read data from the transport connection: An existing connection was forcibly closed by the remote host.
  ----> System.Net.Sockets.SocketException : An existing connection was forcibly closed by the remote host]]></message>
              <stack-trace><![CDATA[at OpenQA.Selenium.Remote.HttpCommandExecutor.CreateResponse(WebRequest request) in c:\Projects\webdriver\dotnet\src\webdriver\Remote\HttpCommandExecutor.cs:line 155
at OpenQA.Selenium.Remote.DriverServiceCommandExecutor.Execute(Command commandToExecute) in c:\Projects\webdriver\dotnet\src\webdriver\Remote\DriverServiceCommandExecutor.cs:line 73
at OpenQA.Selenium.Remote.RemoteWebDriver.Execute(String driverCommandToExecute, Dictionary`2 parameters) in c:\Projects\webdriver\dotnet\src\webdriver\Remote\RemoteWebDriver.cs:line 852
at OpenQA.Selenium.Remote.RemoteWebDriver..ctor(ICommandExecutor commandExecutor, ICapabilities desiredCapabilities) in c:\Projects\webdriver\dotnet\src\webdriver\Remote\RemoteWebDriver.cs:line 88
at HL_Smoke.j_Smoke_Global_search.SetupTest() in d:\git_local\HL_Automation\HL_Smoke\HL_Smoke\j_Smoke_Global_search.cs:line 98
--WebException
at System.Net.HttpWebRequest.GetResponse()
at OpenQA.Selenium.Remote.HttpCommandExecutor.CreateResponse(WebRequest request) in c:\Projects\webdriver\dotnet\src\webdriver\Remote\HttpCommandExecutor.cs:line 142
--IOException
at System.Net.Sockets.NetworkStream.Read(Byte[] buffer, Int32 offset, Int32 size)
at System.Net.PooledStream.Read(Byte[] buffer, Int32 offset, Int32 size)
at System.Net.Connection.SyncRead(HttpWebRequest request, Boolean userRetrievedStream, Boolean probeRead)
--SocketException
at System.Net.Sockets.NetworkStream.Read(Byte[] buffer, Int32 offset, Int32 size)
]]></stack-trace>
            </failure>
            <results>
              <test-case name="HL_Smoke.j_Smoke_Global_search.Global_Search_Panel" executed="True" result="Failure" success="False" time="0.000" asserts="0">
                <failure>
                  <message><![CDATA[TestFixtureSetUp failed in j_Smoke_Global_search]]></message>
                  <stack-trace />
                </failure>
              </test-case>
            </results>
          </test-suite>
          <test-suite type="TestFixture" name="k_Smoke_Help_About_Session_License_key" executed="True" result="Error" success="False" time="22.693" asserts="0">
            <failure>
              <message><![CDATA[SetUp : OpenQA.Selenium.WebDriverException : Unexpected error. System.Net.WebException: Unable to connect to the remote server ---> System.Net.Sockets.SocketException: No connection could be made because the target machine actively refused it 127.0.0.1:62574
   at System.Net.Sockets.Socket.DoConnect(EndPoint endPointSnapshot, SocketAddress socketAddress)
   at System.Net.ServicePoint.ConnectSocketInternal(Boolean connectFailure, Socket s4, Socket s6, Socket& socket, IPAddress& address, ConnectSocketState state, IAsyncResult asyncResult, Exception& exception)
   --- End of inner exception stack trace ---
   at System.Net.HttpWebRequest.GetRequestStream(TransportContext& context)
   at System.Net.HttpWebRequest.GetRequestStream()
   at OpenQA.Selenium.Remote.HttpCommandExecutor.Execute(Command commandToExecute) in c:\Projects\webdriver\dotnet\src\webdriver\Remote\HttpCommandExecutor.cs:line 109
   at OpenQA.Selenium.Remote.DriverServiceCommandExecutor.Execute(Command commandToExecute) in c:\Projects\webdriver\dotnet\src\webdriver\Remote\DriverServiceCommandExecutor.cs:line 73
   at OpenQA.Selenium.Remote.RemoteWebDriver.Execute(String driverCommandToExecute, Dictionary`2 parameters) in c:\Projects\webdriver\dotnet\src\webdriver\Remote\RemoteWebDriver.cs:line 852]]></message>
              <stack-trace><![CDATA[at OpenQA.Selenium.Remote.RemoteWebDriver.UnpackAndThrowOnError(Response errorResponse) in c:\Projects\webdriver\dotnet\src\webdriver\Remote\RemoteWebDriver.cs:line 1113
at OpenQA.Selenium.Remote.RemoteWebDriver.Execute(String driverCommandToExecute, Dictionary`2 parameters) in c:\Projects\webdriver\dotnet\src\webdriver\Remote\RemoteWebDriver.cs:line 865
at OpenQA.Selenium.Remote.RemoteWebDriver..ctor(ICommandExecutor commandExecutor, ICapabilities desiredCapabilities) in c:\Projects\webdriver\dotnet\src\webdriver\Remote\RemoteWebDriver.cs:line 88
at HL_Smoke.k_Smoke_Help_About_Session_License_key.SetupTest() in d:\git_local\HL_Automation\HL_Smoke\HL_Smoke\k_Smoke_Help_About_Session_License_key.cs:line 99
]]></stack-trace>
            </failure>
            <results>
              <test-case name="HL_Smoke.k_Smoke_Help_About_Session_License_key.a_User_Session" executed="True" result="Failure" success="False" time="0.000" asserts="0">
                <failure>
                  <message><![CDATA[TestFixtureSetUp failed in k_Smoke_Help_About_Session_License_key]]></message>
                  <stack-trace />
                </failure>
              </test-case>
              <test-case name="HL_Smoke.k_Smoke_Help_About_Session_License_key.b_License_Page" executed="True" result="Failure" success="False" time="0.000" asserts="0">
                <failure>
                  <message><![CDATA[TestFixtureSetUp failed in k_Smoke_Help_About_Session_License_key]]></message>
                  <stack-trace />
                </failure>
              </test-case>
              <test-case name="HL_Smoke.k_Smoke_Help_About_Session_License_key.c_About_Page" executed="True" result="Failure" success="False" time="0.000" asserts="0">
                <failure>
                  <message><![CDATA[TestFixtureSetUp failed in k_Smoke_Help_About_Session_License_key]]></message>
                  <stack-trace />
                </failure>
              </test-case>
              <test-case name="HL_Smoke.k_Smoke_Help_About_Session_License_key.d_Help" executed="True" result="Failure" success="False" time="0.000" asserts="0">
                <failure>
                  <message><![CDATA[TestFixtureSetUp failed in k_Smoke_Help_About_Session_License_key]]></message>
                  <stack-trace />
                </failure>
              </test-case>
            </results>
          </test-suite>
        </results>
      </test-suite>
    </results>
  </test-suite>
</test-results>