<?xml version="1.0" encoding="utf-8" standalone="no"?>
<!--This file represents the results of running a test suite-->
<test-results name="D:\git_local\HL_Automation\HL_Smoke\HL_Smoke\bin\Debug\HL_Smoke.dll" total="17" errors="12" failures="2" not-run="0" inconclusive="0" ignored="0" skipped="0" invalid="0" date="2014-09-26" time="17:23:53">
  <environment nunit-version="2.6.3.13283" clr-version="2.0.50727.5485" os-version="Microsoft Windows NT 6.1.7601 Service Pack 1" platform="Win32NT" cwd="C:\Program Files (x86)\NUnit 2.6.3\bin" machine-name="FAHADALI-PC" user="fali" user-domain="FOLIO3PK" />
  <culture-info current-culture="en-US" current-uiculture="en-US" />
  <test-suite type="Assembly" name="D:\git_local\HL_Automation\HL_Smoke\HL_Smoke\bin\Debug\HL_Smoke.dll" executed="False" result="Cancelled">
    <results>
      <test-suite type="Namespace" name="HL_Smoke" executed="False" result="Cancelled">
        <results>
          <test-suite type="TestFixture" name="a_Smoke_Global_Settings" executed="True" result="Success" success="True" time="65.881" asserts="1">
            <results>
              <test-case name="HL_Smoke.a_Smoke_Global_Settings.Global_Settings_Panel" executed="True" result="Success" success="True" time="43.968" asserts="1" />
            </results>
          </test-suite>
          <test-suite type="TestFixture" name="b_Smoke_Recipients" executed="True" result="Failure" success="False" time="590.741" asserts="1">
            <results>
              <test-case name="HL_Smoke.b_Smoke_Recipients.a_Directory_Settings_Panel" executed="True" result="Failure" success="False" time="34.133" asserts="1">
                <failure>
                  <message><![CDATA[Add Directory Failed...]]></message>
                  <stack-trace><![CDATA[at HL_Smoke.b_Smoke_Recipients.a_Directory_Settings_Panel() in d:\git_local\HL_Automation\HL_Smoke\HL_Smoke\b_Smoke_Recipients.cs:line 251
]]></stack-trace>
                </failure>
              </test-case>
              <test-case name="HL_Smoke.b_Smoke_Recipients.b_Add_Messenger" executed="True" result="Success" success="True" time="37.815" asserts="1" />
              <test-case name="HL_Smoke.b_Smoke_Recipients.c_Add_Carrier" executed="True" result="Success" success="True" time="55.277" asserts="1" />
              <test-case name="HL_Smoke.b_Smoke_Recipients.d_Add_Receiver" executed="True" result="Failure" success="False" time="56.353" asserts="1">
                <failure>
                  <message><![CDATA[Add Receiver Failed...]]></message>
                  <stack-trace><![CDATA[at HL_Smoke.b_Smoke_Recipients.d_Add_Receiver() in d:\git_local\HL_Automation\HL_Smoke\HL_Smoke\b_Smoke_Recipients.cs:line 672
]]></stack-trace>
                </failure>
              </test-case>
              <test-case name="HL_Smoke.b_Smoke_Recipients.e_Add_Broadcast_Group" executed="True" result="Error" success="False" time="67.317" asserts="1">
                <failure>
                  <message><![CDATA[OpenQA.Selenium.NoSuchElementException : Unable to locate element: {"method":"xpath","selector":"//li[text()='receiver_smtp']"}]]></message>
                  <stack-trace><![CDATA[at OpenQA.Selenium.Remote.RemoteWebDriver.UnpackAndThrowOnError(Response errorResponse) in c:\Projects\webdriver\dotnet\src\webdriver\Remote\RemoteWebDriver.cs:line 1051
at OpenQA.Selenium.Remote.RemoteWebDriver.Execute(String driverCommandToExecute, Dictionary`2 parameters) in c:\Projects\webdriver\dotnet\src\webdriver\Remote\RemoteWebDriver.cs:line 865
at OpenQA.Selenium.Remote.RemoteWebDriver.FindElement(String mechanism, String value) in c:\Projects\webdriver\dotnet\src\webdriver\Remote\RemoteWebDriver.cs:line 894
at OpenQA.Selenium.By.FindElement(ISearchContext context) in c:\Projects\webdriver\dotnet\src\webdriver\By.cs:line 309
at HL_Smoke.b_Smoke_Recipients.e_Add_Broadcast_Group() in d:\git_local\HL_Automation\HL_Smoke\HL_Smoke\b_Smoke_Recipients.cs:line 731
]]></stack-trace>
                </failure>
              </test-case>
              <test-case name="HL_Smoke.b_Smoke_Recipients.f_Add_Escalation_Group" executed="True" result="Error" success="False" time="67.215" asserts="1">
                <failure>
                  <message><![CDATA[OpenQA.Selenium.NoSuchElementException : Unable to locate element: {"method":"xpath","selector":"//li[text()='receiver_smtp']"}]]></message>
                  <stack-trace><![CDATA[at OpenQA.Selenium.Remote.RemoteWebDriver.UnpackAndThrowOnError(Response errorResponse) in c:\Projects\webdriver\dotnet\src\webdriver\Remote\RemoteWebDriver.cs:line 1051
at OpenQA.Selenium.Remote.RemoteWebDriver.Execute(String driverCommandToExecute, Dictionary`2 parameters) in c:\Projects\webdriver\dotnet\src\webdriver\Remote\RemoteWebDriver.cs:line 865
at OpenQA.Selenium.Remote.RemoteWebDriver.FindElement(String mechanism, String value) in c:\Projects\webdriver\dotnet\src\webdriver\Remote\RemoteWebDriver.cs:line 894
at OpenQA.Selenium.By.FindElement(ISearchContext context) in c:\Projects\webdriver\dotnet\src\webdriver\By.cs:line 309
at HL_Smoke.b_Smoke_Recipients.f_Add_Escalation_Group() in d:\git_local\HL_Automation\HL_Smoke\HL_Smoke\b_Smoke_Recipients.cs:line 808
]]></stack-trace>
                </failure>
              </test-case>
              <test-case name="HL_Smoke.b_Smoke_Recipients.g_Add_On_Duty_Group" executed="True" result="Error" success="False" time="64.797" asserts="1">
                <failure>
                  <message><![CDATA[OpenQA.Selenium.NoSuchElementException : Unable to locate element: {"method":"xpath","selector":"//li[text()='receiver_smtp']"}]]></message>
                  <stack-trace><![CDATA[at OpenQA.Selenium.Remote.RemoteWebDriver.UnpackAndThrowOnError(Response errorResponse) in c:\Projects\webdriver\dotnet\src\webdriver\Remote\RemoteWebDriver.cs:line 1051
at OpenQA.Selenium.Remote.RemoteWebDriver.Execute(String driverCommandToExecute, Dictionary`2 parameters) in c:\Projects\webdriver\dotnet\src\webdriver\Remote\RemoteWebDriver.cs:line 865
at OpenQA.Selenium.Remote.RemoteWebDriver.FindElement(String mechanism, String value) in c:\Projects\webdriver\dotnet\src\webdriver\Remote\RemoteWebDriver.cs:line 894
at OpenQA.Selenium.By.FindElement(ISearchContext context) in c:\Projects\webdriver\dotnet\src\webdriver\By.cs:line 309
at HL_Smoke.b_Smoke_Recipients.g_Add_On_Duty_Group() in d:\git_local\HL_Automation\HL_Smoke\HL_Smoke\b_Smoke_Recipients.cs:line 885
]]></stack-trace>
                </failure>
              </test-case>
              <test-case name="HL_Smoke.b_Smoke_Recipients.h_Add_Follow_me_Group" executed="True" result="Error" success="False" time="63.134" asserts="1">
                <failure>
                  <message><![CDATA[OpenQA.Selenium.NoSuchElementException : Unable to locate element: {"method":"xpath","selector":"//li[text()='receiver_smtp']"}]]></message>
                  <stack-trace><![CDATA[at OpenQA.Selenium.Remote.RemoteWebDriver.UnpackAndThrowOnError(Response errorResponse) in c:\Projects\webdriver\dotnet\src\webdriver\Remote\RemoteWebDriver.cs:line 1051
at OpenQA.Selenium.Remote.RemoteWebDriver.Execute(String driverCommandToExecute, Dictionary`2 parameters) in c:\Projects\webdriver\dotnet\src\webdriver\Remote\RemoteWebDriver.cs:line 865
at OpenQA.Selenium.Remote.RemoteWebDriver.FindElement(String mechanism, String value) in c:\Projects\webdriver\dotnet\src\webdriver\Remote\RemoteWebDriver.cs:line 894
at OpenQA.Selenium.By.FindElement(ISearchContext context) in c:\Projects\webdriver\dotnet\src\webdriver\By.cs:line 309
at HL_Smoke.b_Smoke_Recipients.h_Add_Follow_me_Group() in d:\git_local\HL_Automation\HL_Smoke\HL_Smoke\b_Smoke_Recipients.cs:line 991
]]></stack-trace>
                </failure>
              </test-case>
              <test-case name="HL_Smoke.b_Smoke_Recipients.i_Add_Rotate_Group" executed="True" result="Error" success="False" time="64.295" asserts="1">
                <failure>
                  <message><![CDATA[OpenQA.Selenium.NoSuchElementException : Unable to locate element: {"method":"xpath","selector":"//li[text()='receiver_smtp']"}]]></message>
                  <stack-trace><![CDATA[at OpenQA.Selenium.Remote.RemoteWebDriver.UnpackAndThrowOnError(Response errorResponse) in c:\Projects\webdriver\dotnet\src\webdriver\Remote\RemoteWebDriver.cs:line 1051
at OpenQA.Selenium.Remote.RemoteWebDriver.Execute(String driverCommandToExecute, Dictionary`2 parameters) in c:\Projects\webdriver\dotnet\src\webdriver\Remote\RemoteWebDriver.cs:line 865
at OpenQA.Selenium.Remote.RemoteWebDriver.FindElement(String mechanism, String value) in c:\Projects\webdriver\dotnet\src\webdriver\Remote\RemoteWebDriver.cs:line 894
at OpenQA.Selenium.By.FindElement(ISearchContext context) in c:\Projects\webdriver\dotnet\src\webdriver\By.cs:line 309
at HL_Smoke.b_Smoke_Recipients.i_Add_Rotate_Group() in d:\git_local\HL_Automation\HL_Smoke\HL_Smoke\b_Smoke_Recipients.cs:line 1135
]]></stack-trace>
                </failure>
              </test-case>
              <test-case name="HL_Smoke.b_Smoke_Recipients.j_Add_Subscription_Group" executed="True" result="Error" success="False" time="64.210" asserts="1">
                <failure>
                  <message><![CDATA[OpenQA.Selenium.NoSuchElementException : Unable to locate element: {"method":"xpath","selector":"//li[text()='receiver_smtp']"}]]></message>
                  <stack-trace><![CDATA[at OpenQA.Selenium.Remote.RemoteWebDriver.UnpackAndThrowOnError(Response errorResponse) in c:\Projects\webdriver\dotnet\src\webdriver\Remote\RemoteWebDriver.cs:line 1051
at OpenQA.Selenium.Remote.RemoteWebDriver.Execute(String driverCommandToExecute, Dictionary`2 parameters) in c:\Projects\webdriver\dotnet\src\webdriver\Remote\RemoteWebDriver.cs:line 865
at OpenQA.Selenium.Remote.RemoteWebDriver.FindElement(String mechanism, String value) in c:\Projects\webdriver\dotnet\src\webdriver\Remote\RemoteWebDriver.cs:line 894
at OpenQA.Selenium.By.FindElement(ISearchContext context) in c:\Projects\webdriver\dotnet\src\webdriver\By.cs:line 309
at HL_Smoke.b_Smoke_Recipients.j_Add_Subscription_Group() in d:\git_local\HL_Automation\HL_Smoke\HL_Smoke\b_Smoke_Recipients.cs:line 1200
]]></stack-trace>
                </failure>
              </test-case>
            </results>
          </test-suite>
          <test-suite type="TestFixture" name="c_Smoke_Account" executed="False" result="Cancelled">
            <results>
              <test-case name="HL_Smoke.c_Smoke_Account.a_Add_Timezone" executed="True" result="Error" success="False" time="46.781" asserts="0">
                <failure>
                  <message><![CDATA[OpenQA.Selenium.ElementNotVisibleException : Element is not currently visible and so may not be interacted with]]></message>
                  <stack-trace><![CDATA[at OpenQA.Selenium.Remote.RemoteWebDriver.UnpackAndThrowOnError(Response errorResponse) in c:\Projects\webdriver\dotnet\src\webdriver\Remote\RemoteWebDriver.cs:line 1064
at OpenQA.Selenium.Remote.RemoteWebDriver.Execute(String driverCommandToExecute, Dictionary`2 parameters) in c:\Projects\webdriver\dotnet\src\webdriver\Remote\RemoteWebDriver.cs:line 865
at HL_Smoke.HL_Base_Class.hover_func(String id_name, String link_text, String a_text) in d:\git_local\HL_Automation\HL_Smoke\HL_Smoke\HL_Base_Class.cs:line 195
at HL_Smoke.HL_Base_Class.check_driver_type(String drivertype, String id_name, String link_text, String a_text) in d:\git_local\HL_Automation\HL_Smoke\HL_Smoke\HL_Base_Class.cs:line 158
at HL_Smoke.c_Smoke_Account.a_Add_Timezone() in d:\git_local\HL_Automation\HL_Smoke\HL_Smoke\c_Smoke_Account.cs:line 194
]]></stack-trace>
                </failure>
              </test-case>
              <test-case name="HL_Smoke.c_Smoke_Account.b_Add_Message_Template" executed="True" result="Error" success="False" time="46.814" asserts="0">
                <failure>
                  <message><![CDATA[OpenQA.Selenium.ElementNotVisibleException : Element is not currently visible and so may not be interacted with]]></message>
                  <stack-trace><![CDATA[at OpenQA.Selenium.Remote.RemoteWebDriver.UnpackAndThrowOnError(Response errorResponse) in c:\Projects\webdriver\dotnet\src\webdriver\Remote\RemoteWebDriver.cs:line 1064
at OpenQA.Selenium.Remote.RemoteWebDriver.Execute(String driverCommandToExecute, Dictionary`2 parameters) in c:\Projects\webdriver\dotnet\src\webdriver\Remote\RemoteWebDriver.cs:line 865
at HL_Smoke.HL_Base_Class.hover_func(String id_name, String link_text, String a_text) in d:\git_local\HL_Automation\HL_Smoke\HL_Smoke\HL_Base_Class.cs:line 195
at HL_Smoke.HL_Base_Class.check_driver_type(String drivertype, String id_name, String link_text, String a_text) in d:\git_local\HL_Automation\HL_Smoke\HL_Smoke\HL_Base_Class.cs:line 158
at HL_Smoke.c_Smoke_Account.b_Add_Message_Template() in d:\git_local\HL_Automation\HL_Smoke\HL_Smoke\c_Smoke_Account.cs:line 252
]]></stack-trace>
                </failure>
              </test-case>
              <test-case name="HL_Smoke.c_Smoke_Account.c_Add_Response_Action" executed="True" result="Error" success="False" time="67.279" asserts="1">
                <failure>
                  <message><![CDATA[OpenQA.Selenium.NoSuchElementException : Unable to locate element: {"method":"xpath","selector":".//*[@id='divGrid_idGridDataNode']/div[1]/div[1]/div[1]/div[2]"}]]></message>
                  <stack-trace><![CDATA[at OpenQA.Selenium.Remote.RemoteWebDriver.UnpackAndThrowOnError(Response errorResponse) in c:\Projects\webdriver\dotnet\src\webdriver\Remote\RemoteWebDriver.cs:line 1051
at OpenQA.Selenium.Remote.RemoteWebDriver.Execute(String driverCommandToExecute, Dictionary`2 parameters) in c:\Projects\webdriver\dotnet\src\webdriver\Remote\RemoteWebDriver.cs:line 865
at OpenQA.Selenium.Remote.RemoteWebDriver.FindElement(String mechanism, String value) in c:\Projects\webdriver\dotnet\src\webdriver\Remote\RemoteWebDriver.cs:line 894
at OpenQA.Selenium.By.FindElement(ISearchContext context) in c:\Projects\webdriver\dotnet\src\webdriver\By.cs:line 309
at HL_Smoke.c_Smoke_Account.c_Add_Response_Action() in d:\git_local\HL_Automation\HL_Smoke\HL_Smoke\c_Smoke_Account.cs:line 423
]]></stack-trace>
                </failure>
              </test-case>
              <test-case name="HL_Smoke.c_Smoke_Account.d_Add_User_Group" executed="True" result="Error" success="False" time="65.608" asserts="1">
                <failure>
                  <message><![CDATA[OpenQA.Selenium.NoSuchElementException : Unable to locate element: {"method":"xpath","selector":"//li[text()='Default']"}]]></message>
                  <stack-trace><![CDATA[at OpenQA.Selenium.Remote.RemoteWebDriver.UnpackAndThrowOnError(Response errorResponse) in c:\Projects\webdriver\dotnet\src\webdriver\Remote\RemoteWebDriver.cs:line 1051
at OpenQA.Selenium.Remote.RemoteWebDriver.Execute(String driverCommandToExecute, Dictionary`2 parameters) in c:\Projects\webdriver\dotnet\src\webdriver\Remote\RemoteWebDriver.cs:line 865
at OpenQA.Selenium.Remote.RemoteWebDriver.FindElement(String mechanism, String value) in c:\Projects\webdriver\dotnet\src\webdriver\Remote\RemoteWebDriver.cs:line 894
at OpenQA.Selenium.By.FindElement(ISearchContext context) in c:\Projects\webdriver\dotnet\src\webdriver\By.cs:line 309
at HL_Smoke.c_Smoke_Account.d_Add_User_Group() in d:\git_local\HL_Automation\HL_Smoke\HL_Smoke\c_Smoke_Account.cs:line 499
]]></stack-trace>
                </failure>
              </test-case>
              <test-case name="HL_Smoke.c_Smoke_Account.e_Add_Department" executed="True" result="Error" success="False" time="60.521" asserts="1">
                <failure>
                  <message><![CDATA[OpenQA.Selenium.NoSuchElementException : Unable to locate element: {"method":"xpath","selector":"//li[text()='sysOper']"}]]></message>
                  <stack-trace><![CDATA[at OpenQA.Selenium.Remote.RemoteWebDriver.UnpackAndThrowOnError(Response errorResponse) in c:\Projects\webdriver\dotnet\src\webdriver\Remote\RemoteWebDriver.cs:line 1051
at OpenQA.Selenium.Remote.RemoteWebDriver.Execute(String driverCommandToExecute, Dictionary`2 parameters) in c:\Projects\webdriver\dotnet\src\webdriver\Remote\RemoteWebDriver.cs:line 865
at OpenQA.Selenium.Remote.RemoteWebDriver.FindElement(String mechanism, String value) in c:\Projects\webdriver\dotnet\src\webdriver\Remote\RemoteWebDriver.cs:line 894
at OpenQA.Selenium.By.FindElement(ISearchContext context) in c:\Projects\webdriver\dotnet\src\webdriver\By.cs:line 309
at HL_Smoke.c_Smoke_Account.e_Add_Department() in d:\git_local\HL_Automation\HL_Smoke\HL_Smoke\c_Smoke_Account.cs:line 623
]]></stack-trace>
                </failure>
              </test-case>
              <test-case name="HL_Smoke.c_Smoke_Account.f_Add_User" executed="False" result="Cancelled">
                <failure>
                  <message><![CDATA[Test cancelled by user]]></message>
                  <stack-trace><![CDATA[at System.RuntimeMethodHandle.InvokeMethod(Object target, Object[] arguments, Signature sig, Boolean constructor)
at System.Reflection.RuntimeMethodInfo.UnsafeInvokeInternal(Object obj, Object[] parameters, Object[] arguments)
at System.Reflection.RuntimeMethodInfo.Invoke(Object obj, BindingFlags invokeAttr, Binder binder, Object[] parameters, CultureInfo culture)
at NUnit.Core.Reflect.InvokeMethod(MethodInfo method, Object fixture, Object[] args)
at NUnit.Core.TestMethod.RunTestMethod()
at NUnit.Core.TestMethod.RunTestCase(TestResult testResult)
]]></stack-trace>
                </failure>
              </test-case>
            </results>
          </test-suite>
        </results>
      </test-suite>
    </results>
  </test-suite>
</test-results>