<?xml version="1.0" encoding="utf-8" standalone="no"?>
<!--This file represents the results of running a test suite-->
<test-results name="D:\git_local\HL_Automation\HL_Smoke\HL_Smoke\bin\Debug\HL_Smoke.dll" total="26" errors="7" failures="1" not-run="0" inconclusive="0" ignored="0" skipped="0" invalid="0" date="2014-07-11" time="16:51:27">
  <environment nunit-version="2.6.3.13283" clr-version="2.0.50727.5477" os-version="Microsoft Windows NT 6.1.7601 Service Pack 1" platform="Win32NT" cwd="C:\Program Files (x86)\NUnit 2.6.3\bin" machine-name="FAHADALI-PC" user="fali" user-domain="FOLIO3PK" />
  <culture-info current-culture="en-US" current-uiculture="en-US" />
  <test-suite type="Assembly" name="D:\git_local\HL_Automation\HL_Smoke\HL_Smoke\bin\Debug\HL_Smoke.dll" executed="True" result="Failure" success="False" time="1425.590" asserts="0">
    <results>
      <test-suite type="Namespace" name="HL_Smoke" executed="True" result="Failure" success="False" time="1425.573" asserts="0">
        <results>
          <test-suite type="TestFixture" name="b_Smoke_Recipients" executed="True" result="Failure" success="False" time="553.970" asserts="1">
            <results>
              <test-case name="HL_Smoke.b_Smoke_Recipients.a_Directory_Settings_Panel" executed="True" result="Success" success="True" time="45.986" asserts="1" />
              <test-case name="HL_Smoke.b_Smoke_Recipients.b_Add_Messenger" executed="True" result="Success" success="True" time="41.663" asserts="1" />
              <test-case name="HL_Smoke.b_Smoke_Recipients.c_Add_Carrier" executed="True" result="Success" success="True" time="56.549" asserts="1" />
              <test-case name="HL_Smoke.b_Smoke_Recipients.d_Add_Receiver" executed="True" result="Success" success="True" time="56.392" asserts="1" />
              <test-case name="HL_Smoke.b_Smoke_Recipients.e_Add_Broadcast_Group" executed="True" result="Success" success="True" time="48.691" asserts="1" />
              <test-case name="HL_Smoke.b_Smoke_Recipients.f_Add_Escalation_Group" executed="True" result="Success" success="True" time="50.854" asserts="1" />
              <test-case name="HL_Smoke.b_Smoke_Recipients.g_Add_On_Duty_Group" executed="True" result="Error" success="False" time="77.937" asserts="1">
                <failure>
                  <message><![CDATA[OpenQA.Selenium.NoSuchElementException : Unable to locate element: {"method":"link text","selector":"8"}]]></message>
                  <stack-trace><![CDATA[at OpenQA.Selenium.Remote.RemoteWebDriver.UnpackAndThrowOnError(Response errorResponse) in c:\Projects\webdriver\dotnet\src\webdriver\Remote\RemoteWebDriver.cs:line 1051
at OpenQA.Selenium.Remote.RemoteWebDriver.Execute(String driverCommandToExecute, Dictionary`2 parameters) in c:\Projects\webdriver\dotnet\src\webdriver\Remote\RemoteWebDriver.cs:line 865
at OpenQA.Selenium.Remote.RemoteWebDriver.FindElement(String mechanism, String value) in c:\Projects\webdriver\dotnet\src\webdriver\Remote\RemoteWebDriver.cs:line 894
at OpenQA.Selenium.By.FindElement(ISearchContext context) in c:\Projects\webdriver\dotnet\src\webdriver\By.cs:line 309
at HL_Smoke.b_Smoke_Recipients.g_Add_On_Duty_Group() in d:\git_local\HL_Automation\HL_Smoke\HL_Smoke\b_Smoke_Recipients.cs:line 926
]]></stack-trace>
                </failure>
              </test-case>
              <test-case name="HL_Smoke.b_Smoke_Recipients.h_Add_Follow_me_Group" executed="True" result="Error" success="False" time="67.962" asserts="1">
                <failure>
                  <message><![CDATA[OpenQA.Selenium.NoSuchElementException : Unable to locate element: {"method":"xpath","selector":"//li[text()='receiver_smtp']"}]]></message>
                  <stack-trace><![CDATA[at OpenQA.Selenium.Remote.RemoteWebDriver.UnpackAndThrowOnError(Response errorResponse) in c:\Projects\webdriver\dotnet\src\webdriver\Remote\RemoteWebDriver.cs:line 1051
at OpenQA.Selenium.Remote.RemoteWebDriver.Execute(String driverCommandToExecute, Dictionary`2 parameters) in c:\Projects\webdriver\dotnet\src\webdriver\Remote\RemoteWebDriver.cs:line 865
at OpenQA.Selenium.Remote.RemoteWebDriver.FindElement(String mechanism, String value) in c:\Projects\webdriver\dotnet\src\webdriver\Remote\RemoteWebDriver.cs:line 894
at OpenQA.Selenium.By.FindElement(ISearchContext context) in c:\Projects\webdriver\dotnet\src\webdriver\By.cs:line 309
at HL_Smoke.b_Smoke_Recipients.h_Add_Follow_me_Group() in d:\git_local\HL_Automation\HL_Smoke\HL_Smoke\b_Smoke_Recipients.cs:line 997
]]></stack-trace>
                </failure>
              </test-case>
              <test-case name="HL_Smoke.b_Smoke_Recipients.i_Add_Rotate_Group" executed="True" result="Success" success="True" time="47.021" asserts="1" />
              <test-case name="HL_Smoke.b_Smoke_Recipients.j_Add_Subscription_Group" executed="True" result="Success" success="True" time="47.750" asserts="1" />
            </results>
          </test-suite>
          <test-suite type="TestFixture" name="c_Smoke_Account" executed="True" result="Success" success="True" time="319.400" asserts="1">
            <results>
              <test-case name="HL_Smoke.c_Smoke_Account.a_Add_Timezone" executed="True" result="Success" success="True" time="40.471" asserts="1" />
              <test-case name="HL_Smoke.c_Smoke_Account.b_Add_Message_Template" executed="True" result="Success" success="True" time="59.294" asserts="1" />
              <test-case name="HL_Smoke.c_Smoke_Account.c_Add_Response_Action" executed="True" result="Success" success="True" time="42.448" asserts="1" />
              <test-case name="HL_Smoke.c_Smoke_Account.d_Add_User_Group" executed="True" result="Success" success="True" time="63.816" asserts="1" />
              <test-case name="HL_Smoke.c_Smoke_Account.e_Add_Department" executed="True" result="Success" success="True" time="48.238" asserts="1" />
              <test-case name="HL_Smoke.c_Smoke_Account.f_Add_User" executed="True" result="Success" success="True" time="53.638" asserts="1" />
            </results>
          </test-suite>
          <test-suite type="TestFixture" name="d_Smoke_Send_Panels" executed="True" result="Failure" success="False" time="552.191" asserts="1">
            <results>
              <test-case name="HL_Smoke.d_Smoke_Send_Panels.a_Services_Settings_Panel" executed="True" result="Success" success="True" time="51.305" asserts="1" />
              <test-case name="HL_Smoke.d_Smoke_Send_Panels.b_Primary_Send_Panel" executed="True" result="Success" success="True" time="48.623" asserts="1" />
              <test-case name="HL_Smoke.d_Smoke_Send_Panels.c_Quick_Send_Panel" executed="True" result="Success" success="True" time="39.607" asserts="1" />
              <test-case name="HL_Smoke.d_Smoke_Send_Panels.d_Escalation_Send_Panel" executed="True" result="Success" success="True" time="42.492" asserts="2">
                <reason>
                  <message><![CDATA[Escalation_Send_Panel Passed...]]></message>
                </reason>
              </test-case>
              <test-case name="HL_Smoke.d_Smoke_Send_Panels.e_Fax_Send_Panel" executed="True" result="Failure" success="False" time="88.608" asserts="3">
                <failure>
                  <message><![CDATA[  Expected: True
  But was:  False
]]></message>
                  <stack-trace><![CDATA[at HL_Smoke.d_Smoke_Send_Panels.e_Fax_Send_Panel() in d:\git_local\HL_Automation\HL_Smoke\HL_Smoke\d_Smoke_Send_Panels.cs:line 582
]]></stack-trace>
                </failure>
              </test-case>
              <test-case name="HL_Smoke.d_Smoke_Send_Panels.f_Voice_Send_Panel" executed="True" result="Error" success="False" time="71.043" asserts="1">
                <failure>
                  <message><![CDATA[OpenQA.Selenium.NoSuchElementException : Unable to locate element: {"method":"xpath","selector":"(//li[contains(text(),'Default')])"}]]></message>
                  <stack-trace><![CDATA[at OpenQA.Selenium.Remote.RemoteWebDriver.UnpackAndThrowOnError(Response errorResponse) in c:\Projects\webdriver\dotnet\src\webdriver\Remote\RemoteWebDriver.cs:line 1051
at OpenQA.Selenium.Remote.RemoteWebDriver.Execute(String driverCommandToExecute, Dictionary`2 parameters) in c:\Projects\webdriver\dotnet\src\webdriver\Remote\RemoteWebDriver.cs:line 865
at OpenQA.Selenium.Remote.RemoteWebDriver.FindElement(String mechanism, String value) in c:\Projects\webdriver\dotnet\src\webdriver\Remote\RemoteWebDriver.cs:line 894
at OpenQA.Selenium.By.FindElement(ISearchContext context) in c:\Projects\webdriver\dotnet\src\webdriver\By.cs:line 309
at HL_Smoke.d_Smoke_Send_Panels.f_Voice_Send_Panel() in d:\git_local\HL_Automation\HL_Smoke\HL_Smoke\d_Smoke_Send_Panels.cs:line 630
]]></stack-trace>
                </failure>
              </test-case>
              <test-case name="HL_Smoke.d_Smoke_Send_Panels.g_Quota_Send_Panel" executed="True" result="Error" success="False" time="60.289" asserts="0">
                <failure>
                  <message><![CDATA[OpenQA.Selenium.NoSuchElementException : Unable to locate element: {"method":"xpath","selector":"//span[text()='receiver_smtp']"}]]></message>
                  <stack-trace><![CDATA[at OpenQA.Selenium.Remote.RemoteWebDriver.UnpackAndThrowOnError(Response errorResponse) in c:\Projects\webdriver\dotnet\src\webdriver\Remote\RemoteWebDriver.cs:line 1051
at OpenQA.Selenium.Remote.RemoteWebDriver.Execute(String driverCommandToExecute, Dictionary`2 parameters) in c:\Projects\webdriver\dotnet\src\webdriver\Remote\RemoteWebDriver.cs:line 865
at OpenQA.Selenium.Remote.RemoteWebDriver.FindElement(String mechanism, String value) in c:\Projects\webdriver\dotnet\src\webdriver\Remote\RemoteWebDriver.cs:line 894
at OpenQA.Selenium.By.FindElement(ISearchContext context) in c:\Projects\webdriver\dotnet\src\webdriver\By.cs:line 309
at HL_Smoke.d_Smoke_Send_Panels.g_Quota_Send_Panel() in d:\git_local\HL_Automation\HL_Smoke\HL_Smoke\d_Smoke_Send_Panels.cs:line 679
]]></stack-trace>
                </failure>
              </test-case>
              <test-case name="HL_Smoke.d_Smoke_Send_Panels.h_Attribute_Send_Panel" executed="True" result="Error" success="False" time="65.232" asserts="0">
                <failure>
                  <message><![CDATA[OpenQA.Selenium.NoSuchElementException : Unable to locate element: {"method":"xpath","selector":"//b[text()='A1']"}]]></message>
                  <stack-trace><![CDATA[at OpenQA.Selenium.Remote.RemoteWebDriver.UnpackAndThrowOnError(Response errorResponse) in c:\Projects\webdriver\dotnet\src\webdriver\Remote\RemoteWebDriver.cs:line 1051
at OpenQA.Selenium.Remote.RemoteWebDriver.Execute(String driverCommandToExecute, Dictionary`2 parameters) in c:\Projects\webdriver\dotnet\src\webdriver\Remote\RemoteWebDriver.cs:line 865
at OpenQA.Selenium.Remote.RemoteWebDriver.FindElement(String mechanism, String value) in c:\Projects\webdriver\dotnet\src\webdriver\Remote\RemoteWebDriver.cs:line 894
at OpenQA.Selenium.By.FindElement(ISearchContext context) in c:\Projects\webdriver\dotnet\src\webdriver\By.cs:line 309
at HL_Smoke.d_Smoke_Send_Panels.h_Attribute_Send_Panel() in d:\git_local\HL_Automation\HL_Smoke\HL_Smoke\d_Smoke_Send_Panels.cs:line 712
]]></stack-trace>
                </failure>
              </test-case>
              <test-case name="HL_Smoke.d_Smoke_Send_Panels.i_Add_Message_Template_Primary_Send_Panel" executed="True" result="Error" success="False" time="27.380" asserts="0">
                <failure>
                  <message><![CDATA[OpenQA.Selenium.NoSuchElementException : Unable to locate element: {"method":"link text","selector":"Primary Send"}]]></message>
                  <stack-trace><![CDATA[at OpenQA.Selenium.Remote.RemoteWebDriver.UnpackAndThrowOnError(Response errorResponse) in c:\Projects\webdriver\dotnet\src\webdriver\Remote\RemoteWebDriver.cs:line 1051
at OpenQA.Selenium.Remote.RemoteWebDriver.Execute(String driverCommandToExecute, Dictionary`2 parameters) in c:\Projects\webdriver\dotnet\src\webdriver\Remote\RemoteWebDriver.cs:line 865
at OpenQA.Selenium.Remote.RemoteWebDriver.FindElement(String mechanism, String value) in c:\Projects\webdriver\dotnet\src\webdriver\Remote\RemoteWebDriver.cs:line 894
at OpenQA.Selenium.By.FindElement(ISearchContext context) in c:\Projects\webdriver\dotnet\src\webdriver\By.cs:line 309
at HL_Smoke.d_Smoke_Send_Panels.i_Add_Message_Template_Primary_Send_Panel() in d:\git_local\HL_Automation\HL_Smoke\HL_Smoke\d_Smoke_Send_Panels.cs:line 736
]]></stack-trace>
                </failure>
              </test-case>
              <test-case name="HL_Smoke.d_Smoke_Send_Panels.j_Job_Confirmation_Panel" executed="True" result="Error" success="False" time="44.094" asserts="0">
                <failure>
                  <message><![CDATA[OpenQA.Selenium.NoSuchElementException : Unable to locate element: {"method":"id","selector":"btnCloseJobConfirm"}]]></message>
                  <stack-trace><![CDATA[at OpenQA.Selenium.Remote.RemoteWebDriver.UnpackAndThrowOnError(Response errorResponse) in c:\Projects\webdriver\dotnet\src\webdriver\Remote\RemoteWebDriver.cs:line 1051
at OpenQA.Selenium.Remote.RemoteWebDriver.Execute(String driverCommandToExecute, Dictionary`2 parameters) in c:\Projects\webdriver\dotnet\src\webdriver\Remote\RemoteWebDriver.cs:line 865
at OpenQA.Selenium.Remote.RemoteWebDriver.FindElement(String mechanism, String value) in c:\Projects\webdriver\dotnet\src\webdriver\Remote\RemoteWebDriver.cs:line 894
at OpenQA.Selenium.By.FindElement(ISearchContext context) in c:\Projects\webdriver\dotnet\src\webdriver\By.cs:line 309
at HL_Smoke.d_Smoke_Send_Panels.check_driver_type(String drivertype, String id_name, String link_text, String a_text) in d:\git_local\HL_Automation\HL_Smoke\HL_Smoke\d_Smoke_Send_Panels.cs:line 843
at HL_Smoke.d_Smoke_Send_Panels.j_Job_Confirmation_Panel() in d:\git_local\HL_Automation\HL_Smoke\HL_Smoke\d_Smoke_Send_Panels.cs:line 780
]]></stack-trace>
                </failure>
              </test-case>
            </results>
          </test-suite>
        </results>
      </test-suite>
    </results>
  </test-suite>
</test-results>