<?xml version="1.0" encoding="utf-8" standalone="no"?>
<!--This file represents the results of running a test suite-->
<test-results name="D:\git_local\HL_Automation\HL_Smoke\HL_Smoke\bin\Debug\HL_Smoke.dll" total="2" errors="1" failures="0" not-run="0" inconclusive="0" ignored="0" skipped="0" invalid="0" date="2014-09-22" time="18:39:07">
  <environment nunit-version="2.6.3.13283" clr-version="2.0.50727.5485" os-version="Microsoft Windows NT 6.1.7601 Service Pack 1" platform="Win32NT" cwd="C:\Program Files (x86)\NUnit 2.6.3\bin" machine-name="FAHADALI-PC" user="fali" user-domain="FOLIO3PK" />
  <culture-info current-culture="en-US" current-uiculture="en-US" />
  <test-suite type="Assembly" name="D:\git_local\HL_Automation\HL_Smoke\HL_Smoke\bin\Debug\HL_Smoke.dll" executed="True" result="Failure" success="False" time="193.622" asserts="0">
    <results>
      <test-suite type="Namespace" name="HL_Smoke" executed="True" result="Failure" success="False" time="193.602" asserts="0">
        <results>
          <test-suite type="TestFixture" name="b_Smoke_Recipients" executed="True" result="Failure" success="False" time="193.599" asserts="1">
            <results>
              <test-case name="HL_Smoke.b_Smoke_Recipients.g_Add_On_Duty_Group" executed="True" result="Success" success="True" time="90.986" asserts="1" />
              <test-case name="HL_Smoke.b_Smoke_Recipients.h_Add_Follow_me_Group" executed="True" result="Error" success="False" time="87.937" asserts="1">
                <failure>
                  <message><![CDATA[System.InvalidOperationException : unknown error: Element is not clickable at point (445, 56). Other element would receive the click: <div class="c_ld_img"></div>
  (Session info: chrome=37.0.2062.120)
  (Driver info: chromedriver=2.10.267521,platform=Windows NT 6.1 SP1 x86_64)]]></message>
                  <stack-trace><![CDATA[at OpenQA.Selenium.Remote.RemoteWebDriver.UnpackAndThrowOnError(Response errorResponse) in c:\Projects\webdriver\dotnet\src\webdriver\Remote\RemoteWebDriver.cs:line 1048
at OpenQA.Selenium.Remote.RemoteWebDriver.Execute(String driverCommandToExecute, Dictionary`2 parameters) in c:\Projects\webdriver\dotnet\src\webdriver\Remote\RemoteWebDriver.cs:line 865
at HL_Smoke.b_Smoke_Recipients.h_Add_Follow_me_Group() in d:\git_local\HL_Automation\HL_Smoke\HL_Smoke\b_Smoke_Recipients.cs:line 1078
]]></stack-trace>
                </failure>
              </test-case>
            </results>
          </test-suite>
        </results>
      </test-suite>
    </results>
  </test-suite>
</test-results>