<?xml version="1.0" encoding="utf-8" standalone="no"?>
<!--This file represents the results of running a test suite-->
<test-results name="E:\Automation 5.0\HL_Smoke_chrome_isuue_resolved\HL_Smoke\HL_Smoke\bin\Debug\HL_Smoke.dll" total="1" errors="0" failures="0" not-run="0" inconclusive="0" ignored="0" skipped="0" invalid="0" date="2014-09-17" time="17:35:18">
  <environment nunit-version="2.6.3.13283" clr-version="2.0.50727.5485" os-version="Microsoft Windows NT 6.1.7601 Service Pack 1" platform="Win32NT" cwd="C:\Program Files (x86)\NUnit 2.6.3\bin" machine-name="NAKHTER-PC" user="nakhter" user-domain="FOLIO3PK" />
  <culture-info current-culture="en-US" current-uiculture="en-US" />
  <test-suite type="Assembly" name="E:\Automation 5.0\HL_Smoke_chrome_isuue_resolved\HL_Smoke\HL_Smoke\bin\Debug\HL_Smoke.dll" executed="True" result="Success" success="True" time="181.497" asserts="0">
    <results>
      <test-suite type="Namespace" name="HL_Smoke" executed="True" result="Success" success="True" time="181.465" asserts="0">
        <results>
          <test-suite type="TestFixture" name="c_Smoke_Account" executed="True" result="Success" success="True" time="181.444" asserts="1">
            <results>
              <test-case name="HL_Smoke.c_Smoke_Account.f_Add_User" executed="True" result="Success" success="True" time="121.308" asserts="1" />
            </results>
          </test-suite>
        </results>
      </test-suite>
    </results>
  </test-suite>
</test-results>